{"/Users/pdelebarre/dev/hokan/src/AdminPanel.css": {"path":"/Users/pdelebarre/dev/hokan/src/AdminPanel.css","statementMap":{},"fnMap":{},"branchMap":{},"s":{},"f":{},"b":{},"meta":{"lastBranch":0,"lastFunction":0,"lastStatement":0,"seen":{},"fnNames":{}}}
,"/Users/pdelebarre/dev/hokan/src/AdminPanel.jsx": {"path":"/Users/pdelebarre/dev/hokan/src/AdminPanel.jsx","statementMap":{"0":{"start":{"line":6,"column":20},"end":{"line":6,"column":null}},"1":{"start":{"line":6,"column":37},"end":{"line":6,"column":56}},"2":{"start":{"line":6,"column":69},"end":{"line":6,"column":85}},"3":{"start":{"line":7,"column":27},"end":{"line":7,"column":null}},"4":{"start":{"line":7,"column":44},"end":{"line":7,"column":69}},"5":{"start":{"line":7,"column":82},"end":{"line":7,"column":104}},"6":{"start":{"line":8,"column":14},"end":{"line":8,"column":null}},"7":{"start":{"line":11,"column":2},"end":{"line":11,"column":null}},"8":{"start":{"line":11,"column":12},"end":{"line":11,"column":null}},"9":{"start":{"line":12,"column":2},"end":{"line":16,"column":null}},"10":{"start":{"line":13,"column":4},"end":{"line":13,"column":null}},"11":{"start":{"line":15,"column":4},"end":{"line":15,"column":null}},"12":{"start":{"line":22,"column":2},"end":{"line":33,"column":null}},"13":{"start":{"line":41,"column":26},"end":{"line":41,"column":null}},"14":{"start":{"line":42,"column":32},"end":{"line":42,"column":null}},"15":{"start":{"line":43,"column":28},"end":{"line":43,"column":null}},"16":{"start":{"line":44,"column":36},"end":{"line":44,"column":null}},"17":{"start":{"line":45,"column":28},"end":{"line":45,"column":null}},"18":{"start":{"line":46,"column":32},"end":{"line":46,"column":null}},"19":{"start":{"line":47,"column":34},"end":{"line":47,"column":null}},"20":{"start":{"line":48,"column":30},"end":{"line":48,"column":null}},"21":{"start":{"line":50,"column":15},"end":{"line":61,"column":null}},"22":{"start":{"line":51,"column":4},"end":{"line":51,"column":null}},"23":{"start":{"line":52,"column":4},"end":{"line":52,"column":null}},"24":{"start":{"line":53,"column":4},"end":{"line":60,"column":null}},"25":{"start":{"line":54,"column":18},"end":{"line":54,"column":null}},"26":{"start":{"line":55,"column":6},"end":{"line":55,"column":null}},"27":{"start":{"line":57,"column":6},"end":{"line":57,"column":null}},"28":{"start":{"line":59,"column":6},"end":{"line":59,"column":null}},"29":{"start":{"line":63,"column":2},"end":{"line":63,"column":null}},"30":{"start":{"line":63,"column":20},"end":{"line":63,"column":27}},"31":{"start":{"line":66,"column":4},"end":{"line":66,"column":null}},"32":{"start":{"line":67,"column":4},"end":{"line":75,"column":null}},"33":{"start":{"line":68,"column":18},"end":{"line":68,"column":null}},"34":{"start":{"line":69,"column":6},"end":{"line":69,"column":null}},"35":{"start":{"line":70,"column":6},"end":{"line":70,"column":null}},"36":{"start":{"line":71,"column":6},"end":{"line":71,"column":null}},"37":{"start":{"line":72,"column":6},"end":{"line":72,"column":null}},"38":{"start":{"line":74,"column":6},"end":{"line":74,"column":null}},"39":{"start":{"line":79,"column":4},"end":{"line":79,"column":null}},"40":{"start":{"line":80,"column":4},"end":{"line":85,"column":null}},"41":{"start":{"line":81,"column":6},"end":{"line":81,"column":null}},"42":{"start":{"line":82,"column":6},"end":{"line":82,"column":null}},"43":{"start":{"line":84,"column":6},"end":{"line":84,"column":null}},"44":{"start":{"line":89,"column":17},"end":{"line":89,"column":null}},"45":{"start":{"line":89,"column":40},"end":{"line":89,"column":55}},"46":{"start":{"line":90,"column":4},"end":{"line":90,"column":null}},"47":{"start":{"line":90,"column":15},"end":{"line":90,"column":null}},"48":{"start":{"line":91,"column":24},"end":{"line":91,"column":null}},"49":{"start":{"line":92,"column":4},"end":{"line":92,"column":null}},"50":{"start":{"line":93,"column":4},"end":{"line":98,"column":null}},"51":{"start":{"line":94,"column":6},"end":{"line":94,"column":null}},"52":{"start":{"line":95,"column":6},"end":{"line":95,"column":null}},"53":{"start":{"line":97,"column":6},"end":{"line":97,"column":null}},"54":{"start":{"line":102,"column":17},"end":{"line":102,"column":null}},"55":{"start":{"line":102,"column":40},"end":{"line":102,"column":55}},"56":{"start":{"line":103,"column":4},"end":{"line":103,"column":null}},"57":{"start":{"line":103,"column":15},"end":{"line":103,"column":null}},"58":{"start":{"line":104,"column":4},"end":{"line":104,"column":null}},"59":{"start":{"line":105,"column":4},"end":{"line":113,"column":null}},"60":{"start":{"line":106,"column":6},"end":{"line":109,"column":null}},"61":{"start":{"line":110,"column":6},"end":{"line":110,"column":null}},"62":{"start":{"line":112,"column":6},"end":{"line":112,"column":null}},"63":{"start":{"line":117,"column":4},"end":{"line":117,"column":null}},"64":{"start":{"line":117,"column":51},"end":{"line":117,"column":null}},"65":{"start":{"line":118,"column":4},"end":{"line":118,"column":null}},"66":{"start":{"line":119,"column":4},"end":{"line":124,"column":null}},"67":{"start":{"line":120,"column":6},"end":{"line":120,"column":null}},"68":{"start":{"line":121,"column":6},"end":{"line":121,"column":null}},"69":{"start":{"line":123,"column":6},"end":{"line":123,"column":null}},"70":{"start":{"line":128,"column":4},"end":{"line":142,"column":null}},"71":{"start":{"line":129,"column":6},"end":{"line":129,"column":null}},"72":{"start":{"line":132,"column":17},"end":{"line":132,"column":null}},"73":{"start":{"line":133,"column":6},"end":{"line":133,"column":null}},"74":{"start":{"line":134,"column":6},"end":{"line":134,"column":null}},"75":{"start":{"line":135,"column":6},"end":{"line":135,"column":null}},"76":{"start":{"line":136,"column":6},"end":{"line":136,"column":null}},"77":{"start":{"line":137,"column":6},"end":{"line":137,"column":null}},"78":{"start":{"line":138,"column":6},"end":{"line":138,"column":null}},"79":{"start":{"line":140,"column":6},"end":{"line":140,"column":null}},"80":{"start":{"line":140,"column":12},"end":{"line":140,"column":41}},"81":{"start":{"line":141,"column":6},"end":{"line":141,"column":null}},"82":{"start":{"line":143,"column":4},"end":{"line":143,"column":null}},"83":{"start":{"line":144,"column":4},"end":{"line":144,"column":null}},"84":{"start":{"line":144,"column":28},"end":{"line":144,"column":45}},"85":{"start":{"line":147,"column":18},"end":{"line":147,"column":null}},"86":{"start":{"line":147,"column":46},"end":{"line":147,"column":68}},"87":{"start":{"line":148,"column":18},"end":{"line":148,"column":null}},"88":{"start":{"line":148,"column":43},"end":{"line":148,"column":61}},"89":{"start":{"line":150,"column":2},"end":{"line":275,"column":null}},"90":{"start":{"line":170,"column":18},"end":{"line":179,"column":null}},"91":{"start":{"line":176,"column":78},"end":{"line":176,"column":99}},"92":{"start":{"line":177,"column":79},"end":{"line":177,"column":94}},"93":{"start":{"line":191,"column":18},"end":{"line":196,"column":null}},"94":{"start":{"line":194,"column":36},"end":{"line":194,"column":null}},"95":{"start":{"line":194,"column":53},"end":{"line":194,"column":74}},"96":{"start":{"line":207,"column":65},"end":{"line":207,"column":86}},"97":{"start":{"line":218,"column":72},"end":{"line":218,"column":null}},"98":{"start":{"line":222,"column":70},"end":{"line":222,"column":89}},"99":{"start":{"line":233,"column":18},"end":{"line":268,"column":null}},"100":{"start":{"line":242,"column":26},"end":{"line":247,"column":null}},"101":{"start":{"line":245,"column":44},"end":{"line":245,"column":null}},"102":{"start":{"line":253,"column":82},"end":{"line":253,"column":null}},"103":{"start":{"line":260,"column":78},"end":{"line":260,"column":null}},"104":{"start":{"line":260,"column":101},"end":{"line":260,"column":134}},"105":{"start":{"line":263,"column":78},"end":{"line":263,"column":null}},"106":{"start":{"line":266,"column":79},"end":{"line":266,"column":98}}},"fnMap":{"0":{"name":"(anonymous_0)","decl":{"start":{"line":6,"column":22},"end":{"line":6,"column":37}},"loc":{"start":{"line":6,"column":37},"end":{"line":6,"column":56}},"line":6},"1":{"name":"(anonymous_1)","decl":{"start":{"line":6,"column":56},"end":{"line":6,"column":69}},"loc":{"start":{"line":6,"column":69},"end":{"line":6,"column":85}},"line":6},"2":{"name":"(anonymous_2)","decl":{"start":{"line":7,"column":29},"end":{"line":7,"column":44}},"loc":{"start":{"line":7,"column":44},"end":{"line":7,"column":69}},"line":7},"3":{"name":"(anonymous_3)","decl":{"start":{"line":7,"column":69},"end":{"line":7,"column":82}},"loc":{"start":{"line":7,"column":82},"end":{"line":7,"column":104}},"line":7},"4":{"name":"fmtDate","decl":{"start":{"line":10,"column":9},"end":{"line":10,"column":17}},"loc":{"start":{"line":10,"column":22},"end":{"line":17,"column":null}},"line":10},"5":{"name":"Switch","decl":{"start":{"line":21,"column":9},"end":{"line":21,"column":16}},"loc":{"start":{"line":21,"column":46},"end":{"line":35,"column":null}},"line":21},"6":{"name":"AdminPanel","decl":{"start":{"line":40,"column":24},"end":{"line":40,"column":35}},"loc":{"start":{"line":40,"column":48},"end":{"line":277,"column":null}},"line":40},"7":{"name":"(anonymous_7)","decl":{"start":{"line":50,"column":27},"end":{"line":50,"column":39}},"loc":{"start":{"line":50,"column":39},"end":{"line":61,"column":5}},"line":50},"8":{"name":"(anonymous_8)","decl":{"start":{"line":63,"column":2},"end":{"line":63,"column":18}},"loc":{"start":{"line":63,"column":18},"end":{"line":63,"column":30}},"line":63},"9":{"name":"approve","decl":{"start":{"line":65,"column":17},"end":{"line":65,"column":27}},"loc":{"start":{"line":65,"column":27},"end":{"line":76,"column":null}},"line":65},"10":{"name":"reject","decl":{"start":{"line":78,"column":17},"end":{"line":78,"column":24}},"loc":{"start":{"line":78,"column":35},"end":{"line":86,"column":null}},"line":78},"11":{"name":"toggleAccess","decl":{"start":{"line":88,"column":17},"end":{"line":88,"column":30}},"loc":{"start":{"line":88,"column":44},"end":{"line":99,"column":null}},"line":88},"12":{"name":"(anonymous_12)","decl":{"start":{"line":89,"column":28},"end":{"line":89,"column":34}},"loc":{"start":{"line":89,"column":40},"end":{"line":89,"column":55}},"line":89},"13":{"name":"toggleStatus","decl":{"start":{"line":101,"column":17},"end":{"line":101,"column":30}},"loc":{"start":{"line":101,"column":38},"end":{"line":114,"column":null}},"line":101},"14":{"name":"(anonymous_14)","decl":{"start":{"line":102,"column":28},"end":{"line":102,"column":34}},"loc":{"start":{"line":102,"column":40},"end":{"line":102,"column":55}},"line":102},"15":{"name":"removeUser","decl":{"start":{"line":116,"column":17},"end":{"line":116,"column":28}},"loc":{"start":{"line":116,"column":36},"end":{"line":125,"column":null}},"line":116},"16":{"name":"copyText","decl":{"start":{"line":127,"column":17},"end":{"line":127,"column":26}},"loc":{"start":{"line":127,"column":37},"end":{"line":145,"column":null}},"line":127},"17":{"name":"(anonymous_17)","decl":{"start":{"line":144,"column":11},"end":{"line":144,"column":28}},"loc":{"start":{"line":144,"column":28},"end":{"line":144,"column":45}},"line":144},"18":{"name":"(anonymous_18)","decl":{"start":{"line":147,"column":32},"end":{"line":147,"column":40}},"loc":{"start":{"line":147,"column":46},"end":{"line":147,"column":68}},"line":147},"19":{"name":"(anonymous_19)","decl":{"start":{"line":148,"column":29},"end":{"line":148,"column":37}},"loc":{"start":{"line":148,"column":43},"end":{"line":148,"column":61}},"line":148},"20":{"name":"(anonymous_20)","decl":{"start":{"line":169,"column":25},"end":{"line":169,"column":30}},"loc":{"start":{"line":170,"column":18},"end":{"line":179,"column":null}},"line":170},"21":{"name":"(anonymous_21)","decl":{"start":{"line":176,"column":63},"end":{"line":176,"column":78}},"loc":{"start":{"line":176,"column":78},"end":{"line":176,"column":99}},"line":176},"22":{"name":"(anonymous_22)","decl":{"start":{"line":177,"column":64},"end":{"line":177,"column":79}},"loc":{"start":{"line":177,"column":79},"end":{"line":177,"column":94}},"line":177},"23":{"name":"(anonymous_23)","decl":{"start":{"line":190,"column":23},"end":{"line":190,"column":28}},"loc":{"start":{"line":191,"column":18},"end":{"line":196,"column":null}},"line":191},"24":{"name":"(anonymous_24)","decl":{"start":{"line":194,"column":20},"end":{"line":194,"column":36}},"loc":{"start":{"line":194,"column":36},"end":{"line":194,"column":null}},"line":194},"25":{"name":"(anonymous_25)","decl":{"start":{"line":194,"column":36},"end":{"line":194,"column":46}},"loc":{"start":{"line":194,"column":53},"end":{"line":194,"column":74}},"line":194},"26":{"name":"(anonymous_26)","decl":{"start":{"line":207,"column":50},"end":{"line":207,"column":65}},"loc":{"start":{"line":207,"column":65},"end":{"line":207,"column":86}},"line":207},"27":{"name":"(anonymous_27)","decl":{"start":{"line":218,"column":57},"end":{"line":218,"column":72}},"loc":{"start":{"line":218,"column":72},"end":{"line":218,"column":null}},"line":218},"28":{"name":"(anonymous_28)","decl":{"start":{"line":222,"column":55},"end":{"line":222,"column":70}},"loc":{"start":{"line":222,"column":70},"end":{"line":222,"column":89}},"line":222},"29":{"name":"(anonymous_29)","decl":{"start":{"line":232,"column":25},"end":{"line":232,"column":30}},"loc":{"start":{"line":233,"column":18},"end":{"line":268,"column":null}},"line":233},"30":{"name":"(anonymous_30)","decl":{"start":{"line":241,"column":31},"end":{"line":241,"column":36}},"loc":{"start":{"line":242,"column":26},"end":{"line":247,"column":null}},"line":242},"31":{"name":"(anonymous_31)","decl":{"start":{"line":245,"column":28},"end":{"line":245,"column":44}},"loc":{"start":{"line":245,"column":44},"end":{"line":245,"column":null}},"line":245},"32":{"name":"(anonymous_32)","decl":{"start":{"line":253,"column":67},"end":{"line":253,"column":82}},"loc":{"start":{"line":253,"column":82},"end":{"line":253,"column":null}},"line":253},"33":{"name":"(anonymous_33)","decl":{"start":{"line":260,"column":63},"end":{"line":260,"column":78}},"loc":{"start":{"line":260,"column":78},"end":{"line":260,"column":null}},"line":260},"34":{"name":"(anonymous_34)","decl":{"start":{"line":260,"column":78},"end":{"line":260,"column":91}},"loc":{"start":{"line":260,"column":101},"end":{"line":260,"column":134}},"line":260},"35":{"name":"(anonymous_35)","decl":{"start":{"line":263,"column":63},"end":{"line":263,"column":78}},"loc":{"start":{"line":263,"column":78},"end":{"line":263,"column":null}},"line":263},"36":{"name":"(anonymous_36)","decl":{"start":{"line":266,"column":64},"end":{"line":266,"column":79}},"loc":{"start":{"line":266,"column":79},"end":{"line":266,"column":98}},"line":266}},"branchMap":{"0":{"loc":{"start":{"line":11,"column":2},"end":{"line":11,"column":null}},"type":"if","locations":[{"start":{"line":11,"column":2},"end":{"line":11,"column":null}},{"start":{},"end":{}}],"line":11},"1":{"loc":{"start":{"line":28,"column":26},"end":{"line":28,"column":null}},"type":"cond-expr","locations":[{"start":{"line":28,"column":36},"end":{"line":28,"column":44}},{"start":{"line":28,"column":44},"end":{"line":28,"column":null}}],"line":28},"2":{"loc":{"start":{"line":90,"column":4},"end":{"line":90,"column":null}},"type":"if","locations":[{"start":{"line":90,"column":4},"end":{"line":90,"column":null}},{"start":{},"end":{}}],"line":90},"3":{"loc":{"start":{"line":91,"column":30},"end":{"line":91,"column":56}},"type":"binary-expr","locations":[{"start":{"line":91,"column":30},"end":{"line":91,"column":50}},{"start":{"line":91,"column":50},"end":{"line":91,"column":56}}],"line":91},"4":{"loc":{"start":{"line":103,"column":4},"end":{"line":103,"column":null}},"type":"if","locations":[{"start":{"line":103,"column":4},"end":{"line":103,"column":null}},{"start":{},"end":{}}],"line":103},"5":{"loc":{"start":{"line":108,"column":16},"end":{"line":108,"column":null}},"type":"cond-expr","locations":[{"start":{"line":108,"column":43},"end":{"line":108,"column":56}},{"start":{"line":108,"column":56},"end":{"line":108,"column":null}}],"line":108},"6":{"loc":{"start":{"line":117,"column":4},"end":{"line":117,"column":null}},"type":"if","locations":[{"start":{"line":117,"column":4},"end":{"line":117,"column":null}},{"start":{},"end":{}}],"line":117},"7":{"loc":{"start":{"line":158,"column":9},"end":{"line":158,"column":null}},"type":"binary-expr","locations":[{"start":{"line":158,"column":9},"end":{"line":158,"column":18}},{"start":{"line":158,"column":18},"end":{"line":158,"column":null}}],"line":158},"8":{"loc":{"start":{"line":162,"column":66},"end":{"line":162,"column":115}},"type":"cond-expr","locations":[{"start":{"line":162,"column":83},"end":{"line":162,"column":108}},{"start":{"line":162,"column":108},"end":{"line":162,"column":115}}],"line":162},"9":{"loc":{"start":{"line":163,"column":13},"end":{"line":183,"column":null}},"type":"cond-expr","locations":[{"start":{"line":164,"column":14},"end":{"line":165,"column":24}},{"start":{"line":165,"column":16},"end":{"line":183,"column":null}}],"line":163},"10":{"loc":{"start":{"line":165,"column":16},"end":{"line":183,"column":null}},"type":"cond-expr","locations":[{"start":{"line":166,"column":14},"end":{"line":168,"column":15}},{"start":{"line":168,"column":14},"end":{"line":183,"column":null}}],"line":165},"11":{"loc":{"start":{"line":185,"column":11},"end":{"line":209,"column":null}},"type":"binary-expr","locations":[{"start":{"line":185,"column":11},"end":{"line":185,"column":null}},{"start":{"line":186,"column":12},"end":{"line":209,"column":null}}],"line":185},"12":{"loc":{"start":{"line":195,"column":27},"end":{"line":195,"column":null}},"type":"binary-expr","locations":[{"start":{"line":195,"column":27},"end":{"line":195,"column":49}},{"start":{"line":195,"column":49},"end":{"line":195,"column":null}}],"line":195},"13":{"loc":{"start":{"line":203,"column":28},"end":{"line":203,"column":null}},"type":"binary-expr","locations":[{"start":{"line":203,"column":28},"end":{"line":203,"column":46}},{"start":{"line":203,"column":46},"end":{"line":203,"column":null}}],"line":203},"14":{"loc":{"start":{"line":212,"column":11},"end":{"line":223,"column":null}},"type":"binary-expr","locations":[{"start":{"line":212,"column":11},"end":{"line":212,"column":null}},{"start":{"line":213,"column":12},"end":{"line":223,"column":null}}],"line":212},"15":{"loc":{"start":{"line":219,"column":19},"end":{"line":219,"column":null}},"type":"cond-expr","locations":[{"start":{"line":219,"column":56},"end":{"line":219,"column":76}},{"start":{"line":219,"column":76},"end":{"line":219,"column":null}}],"line":219},"16":{"loc":{"start":{"line":227,"column":58},"end":{"line":227,"column":107}},"type":"cond-expr","locations":[{"start":{"line":227,"column":75},"end":{"line":227,"column":100}},{"start":{"line":227,"column":100},"end":{"line":227,"column":107}}],"line":227},"17":{"loc":{"start":{"line":228,"column":13},"end":{"line":272,"column":null}},"type":"cond-expr","locations":[{"start":{"line":229,"column":14},"end":{"line":231,"column":15}},{"start":{"line":231,"column":14},"end":{"line":272,"column":null}}],"line":228},"18":{"loc":{"start":{"line":233,"column":57},"end":{"line":233,"column":null}},"type":"cond-expr","locations":[{"start":{"line":233,"column":83},"end":{"line":233,"column":99}},{"start":{"line":233,"column":99},"end":{"line":233,"column":null}}],"line":233},"19":{"loc":{"start":{"line":237,"column":25},"end":{"line":238,"column":null}},"type":"binary-expr","locations":[{"start":{"line":237,"column":25},"end":{"line":237,"column":52}},{"start":{"line":237,"column":52},"end":{"line":238,"column":null}}],"line":237},"20":{"loc":{"start":{"line":246,"column":35},"end":{"line":246,"column":null}},"type":"binary-expr","locations":[{"start":{"line":246,"column":35},"end":{"line":246,"column":64}},{"start":{"line":246,"column":64},"end":{"line":246,"column":null}}],"line":246},"21":{"loc":{"start":{"line":250,"column":23},"end":{"line":256,"column":null}},"type":"binary-expr","locations":[{"start":{"line":250,"column":23},"end":{"line":250,"column":null}},{"start":{"line":251,"column":24},"end":{"line":256,"column":null}}],"line":250},"22":{"loc":{"start":{"line":254,"column":29},"end":{"line":254,"column":null}},"type":"cond-expr","locations":[{"start":{"line":254,"column":59},"end":{"line":254,"column":79}},{"start":{"line":254,"column":79},"end":{"line":254,"column":null}}],"line":254},"23":{"loc":{"start":{"line":261,"column":25},"end":{"line":261,"column":null}},"type":"cond-expr","locations":[{"start":{"line":261,"column":42},"end":{"line":261,"column":64}},{"start":{"line":261,"column":64},"end":{"line":261,"column":null}}],"line":261},"24":{"loc":{"start":{"line":264,"column":25},"end":{"line":264,"column":null}},"type":"cond-expr","locations":[{"start":{"line":264,"column":49},"end":{"line":264,"column":70}},{"start":{"line":264,"column":70},"end":{"line":264,"column":null}}],"line":264}},"s":{"0":2,"1":0,"2":0,"3":2,"4":0,"5":0,"6":2,"7":0,"8":0,"9":0,"10":0,"11":0,"12":0,"13":0,"14":0,"15":0,"16":0,"17":0,"18":0,"19":0,"20":0,"21":0,"22":0,"23":0,"24":0,"25":0,"26":0,"27":0,"28":0,"29":0,"30":0,"31":0,"32":0,"33":0,"34":0,"35":0,"36":0,"37":0,"38":0,"39":0,"40":0,"41":0,"42":0,"43":0,"44":0,"45":0,"46":0,"47":0,"48":0,"49":0,"50":0,"51":0,"52":0,"53":0,"54":0,"55":0,"56":0,"57":0,"58":0,"59":0,"60":0,"61":0,"62":0,"63":0,"64":0,"65":0,"66":0,"67":0,"68":0,"69":0,"70":0,"71":0,"72":0,"73":0,"74":0,"75":0,"76":0,"77":0,"78":0,"79":0,"80":0,"81":0,"82":0,"83":0,"84":0,"85":0,"86":0,"87":0,"88":0,"89":0,"90":0,"91":0,"92":0,"93":0,"94":0,"95":0,"96":0,"97":0,"98":0,"99":0,"100":0,"101":0,"102":0,"103":0,"104":0,"105":0,"106":0},"f":{"0":0,"1":0,"2":0,"3":0,"4":0,"5":0,"6":0,"7":0,"8":0,"9":0,"10":0,"11":0,"12":0,"13":0,"14":0,"15":0,"16":0,"17":0,"18":0,"19":0,"20":0,"21":0,"22":0,"23":0,"24":0,"25":0,"26":0,"27":0,"28":0,"29":0,"30":0,"31":0,"32":0,"33":0,"34":0,"35":0,"36":0},"b":{"0":[0,0],"1":[0,0],"2":[0,0],"3":[0,0],"4":[0,0],"5":[0,0],"6":[0,0],"7":[0,0],"8":[0,0],"9":[0,0],"10":[0,0],"11":[0,0],"12":[0,0],"13":[0,0],"14":[0,0],"15":[0,0],"16":[0,0],"17":[0,0],"18":[0,0],"19":[0,0],"20":[0,0],"21":[0,0],"22":[0,0],"23":[0,0],"24":[0,0]},"meta":{"lastBranch":25,"lastFunction":37,"lastStatement":107,"seen":{"s:6:20:6:Infinity":0,"f:6:22:6:37":0,"s:6:37:6:56":1,"f:6:56:6:69":1,"s:6:69:6:85":2,"s:7:27:7:Infinity":3,"f:7:29:7:44":2,"s:7:44:7:69":4,"f:7:69:7:82":3,"s:7:82:7:104":5,"s:8:14:8:Infinity":6,"f:10:9:10:17":4,"b:11:2:11:Infinity:undefined:undefined:undefined:undefined":0,"s:11:2:11:Infinity":7,"s:11:12:11:Infinity":8,"s:12:2:16:Infinity":9,"s:13:4:13:Infinity":10,"s:15:4:15:Infinity":11,"f:21:9:21:16":5,"s:22:2:33:Infinity":12,"b:28:36:28:44:28:44:28:Infinity":1,"f:40:24:40:35":6,"s:41:26:41:Infinity":13,"s:42:32:42:Infinity":14,"s:43:28:43:Infinity":15,"s:44:36:44:Infinity":16,"s:45:28:45:Infinity":17,"s:46:32:46:Infinity":18,"s:47:34:47:Infinity":19,"s:48:30:48:Infinity":20,"s:50:15:61:Infinity":21,"f:50:27:50:39":7,"s:51:4:51:Infinity":22,"s:52:4:52:Infinity":23,"s:53:4:60:Infinity":24,"s:54:18:54:Infinity":25,"s:55:6:55:Infinity":26,"s:57:6:57:Infinity":27,"s:59:6:59:Infinity":28,"s:63:2:63:Infinity":29,"f:63:2:63:18":8,"s:63:20:63:27":30,"f:65:17:65:27":9,"s:66:4:66:Infinity":31,"s:67:4:75:Infinity":32,"s:68:18:68:Infinity":33,"s:69:6:69:Infinity":34,"s:70:6:70:Infinity":35,"s:71:6:71:Infinity":36,"s:72:6:72:Infinity":37,"s:74:6:74:Infinity":38,"f:78:17:78:24":10,"s:79:4:79:Infinity":39,"s:80:4:85:Infinity":40,"s:81:6:81:Infinity":41,"s:82:6:82:Infinity":42,"s:84:6:84:Infinity":43,"f:88:17:88:30":11,"s:89:17:89:Infinity":44,"f:89:28:89:34":12,"s:89:40:89:55":45,"b:90:4:90:Infinity:undefined:undefined:undefined:undefined":2,"s:90:4:90:Infinity":46,"s:90:15:90:Infinity":47,"s:91:24:91:Infinity":48,"b:91:30:91:50:91:50:91:56":3,"s:92:4:92:Infinity":49,"s:93:4:98:Infinity":50,"s:94:6:94:Infinity":51,"s:95:6:95:Infinity":52,"s:97:6:97:Infinity":53,"f:101:17:101:30":13,"s:102:17:102:Infinity":54,"f:102:28:102:34":14,"s:102:40:102:55":55,"b:103:4:103:Infinity:undefined:undefined:undefined:undefined":4,"s:103:4:103:Infinity":56,"s:103:15:103:Infinity":57,"s:104:4:104:Infinity":58,"s:105:4:113:Infinity":59,"s:106:6:109:Infinity":60,"b:108:43:108:56:108:56:108:Infinity":5,"s:110:6:110:Infinity":61,"s:112:6:112:Infinity":62,"f:116:17:116:28":15,"b:117:4:117:Infinity:undefined:undefined:undefined:undefined":6,"s:117:4:117:Infinity":63,"s:117:51:117:Infinity":64,"s:118:4:118:Infinity":65,"s:119:4:124:Infinity":66,"s:120:6:120:Infinity":67,"s:121:6:121:Infinity":68,"s:123:6:123:Infinity":69,"f:127:17:127:26":16,"s:128:4:142:Infinity":70,"s:129:6:129:Infinity":71,"s:132:17:132:Infinity":72,"s:133:6:133:Infinity":73,"s:134:6:134:Infinity":74,"s:135:6:135:Infinity":75,"s:136:6:136:Infinity":76,"s:137:6:137:Infinity":77,"s:138:6:138:Infinity":78,"s:140:6:140:Infinity":79,"s:140:12:140:41":80,"s:141:6:141:Infinity":81,"s:143:4:143:Infinity":82,"s:144:4:144:Infinity":83,"f:144:11:144:28":17,"s:144:28:144:45":84,"s:147:18:147:Infinity":85,"f:147:32:147:40":18,"s:147:46:147:68":86,"s:148:18:148:Infinity":87,"f:148:29:148:37":19,"s:148:43:148:61":88,"s:150:2:275:Infinity":89,"b:158:9:158:18:158:18:158:Infinity":7,"b:162:83:162:108:162:108:162:115":8,"b:164:14:165:24:165:16:183:Infinity":9,"b:166:14:168:15:168:14:183:Infinity":10,"f:169:25:169:30":20,"s:170:18:179:Infinity":90,"f:176:63:176:78":21,"s:176:78:176:99":91,"f:177:64:177:79":22,"s:177:79:177:94":92,"b:185:11:185:Infinity:186:12:209:Infinity":11,"f:190:23:190:28":23,"s:191:18:196:Infinity":93,"f:194:20:194:36":24,"s:194:36:194:Infinity":94,"f:194:36:194:46":25,"s:194:53:194:74":95,"b:195:27:195:49:195:49:195:Infinity":12,"b:203:28:203:46:203:46:203:Infinity":13,"f:207:50:207:65":26,"s:207:65:207:86":96,"b:212:11:212:Infinity:213:12:223:Infinity":14,"f:218:57:218:72":27,"s:218:72:218:Infinity":97,"b:219:56:219:76:219:76:219:Infinity":15,"f:222:55:222:70":28,"s:222:70:222:89":98,"b:227:75:227:100:227:100:227:107":16,"b:229:14:231:15:231:14:272:Infinity":17,"f:232:25:232:30":29,"s:233:18:268:Infinity":99,"b:233:83:233:99:233:99:233:Infinity":18,"b:237:25:237:52:237:52:238:Infinity":19,"f:241:31:241:36":30,"s:242:26:247:Infinity":100,"f:245:28:245:44":31,"s:245:44:245:Infinity":101,"b:246:35:246:64:246:64:246:Infinity":20,"b:250:23:250:Infinity:251:24:256:Infinity":21,"f:253:67:253:82":32,"s:253:82:253:Infinity":102,"b:254:59:254:79:254:79:254:Infinity":22,"f:260:63:260:78":33,"s:260:78:260:Infinity":103,"f:260:78:260:91":34,"s:260:101:260:134":104,"b:261:42:261:64:261:64:261:Infinity":23,"f:263:63:263:78":35,"s:263:78:263:Infinity":105,"b:264:49:264:70:264:70:264:Infinity":24,"f:266:64:266:79":36,"s:266:79:266:98":106},"fnNames":{}}}
,"/Users/pdelebarre/dev/hokan/src/App.css": {"path":"/Users/pdelebarre/dev/hokan/src/App.css","statementMap":{},"fnMap":{},"branchMap":{},"s":{},"f":{},"b":{},"meta":{"lastBranch":0,"lastFunction":0,"lastStatement":0,"seen":{},"fnNames":{}}}
,"/Users/pdelebarre/dev/hokan/src/App.jsx": {"path":"/Users/pdelebarre/dev/hokan/src/App.jsx","statementMap":{"0":{"start":{"line":12,"column":17},"end":{"line":12,"column":null}},"1":{"start":{"line":15,"column":59},"end":{"line":15,"column":67}},"2":{"start":{"line":16,"column":24},"end":{"line":16,"column":null}},"3":{"start":{"line":17,"column":42},"end":{"line":17,"column":null}},"4":{"start":{"line":18,"column":36},"end":{"line":18,"column":null}},"5":{"start":{"line":21,"column":2},"end":{"line":23,"column":null}},"6":{"start":{"line":22,"column":4},"end":{"line":22,"column":null}},"7":{"start":{"line":25,"column":2},"end":{"line":27,"column":null}},"8":{"start":{"line":26,"column":4},"end":{"line":26,"column":null}},"9":{"start":{"line":29,"column":2},"end":{"line":31,"column":null}},"10":{"start":{"line":30,"column":4},"end":{"line":30,"column":null}},"11":{"start":{"line":33,"column":15},"end":{"line":33,"column":null}},"12":{"start":{"line":34,"column":18},"end":{"line":34,"column":null}},"13":{"start":{"line":35,"column":20},"end":{"line":35,"column":null}},"14":{"start":{"line":35,"column":58},"end":{"line":35,"column":71}},"15":{"start":{"line":36,"column":20},"end":{"line":36,"column":null}},"16":{"start":{"line":38,"column":18},"end":{"line":38,"column":null}},"17":{"start":{"line":40,"column":2},"end":{"line":54,"column":null}},"18":{"start":{"line":43,"column":4},"end":{"line":52,"column":null}},"19":{"start":{"line":56,"column":2},"end":{"line":74,"column":null}},"20":{"start":{"line":59,"column":39},"end":{"line":59,"column":78}},"21":{"start":{"line":62,"column":30},"end":{"line":62,"column":null}},"22":{"start":{"line":63,"column":27},"end":{"line":63,"column":null}},"23":{"start":{"line":70,"column":84},"end":{"line":70,"column":108}},"24":{"start":{"line":72,"column":53},"end":{"line":72,"column":78}},"25":{"start":{"line":73,"column":47},"end":{"line":73,"column":69}}},"fnMap":{"0":{"name":"App","decl":{"start":{"line":14,"column":24},"end":{"line":14,"column":30}},"loc":{"start":{"line":14,"column":30},"end":{"line":76,"column":null}},"line":14},"1":{"name":"(anonymous_1)","decl":{"start":{"line":21,"column":2},"end":{"line":21,"column":18}},"loc":{"start":{"line":21,"column":18},"end":{"line":23,"column":5}},"line":21},"2":{"name":"(anonymous_2)","decl":{"start":{"line":35,"column":41},"end":{"line":35,"column":49}},"loc":{"start":{"line":35,"column":58},"end":{"line":35,"column":71}},"line":35},"3":{"name":"(anonymous_3)","decl":{"start":{"line":59,"column":24},"end":{"line":59,"column":29}},"loc":{"start":{"line":59,"column":39},"end":{"line":59,"column":78}},"line":59},"4":{"name":"(anonymous_4)","decl":{"start":{"line":62,"column":8},"end":{"line":62,"column":30}},"loc":{"start":{"line":62,"column":30},"end":{"line":62,"column":null}},"line":62},"5":{"name":"(anonymous_5)","decl":{"start":{"line":63,"column":8},"end":{"line":63,"column":27}},"loc":{"start":{"line":63,"column":27},"end":{"line":63,"column":null}},"line":63},"6":{"name":"(anonymous_6)","decl":{"start":{"line":70,"column":59},"end":{"line":70,"column":84}},"loc":{"start":{"line":70,"column":84},"end":{"line":70,"column":108}},"line":70},"7":{"name":"(anonymous_7)","decl":{"start":{"line":72,"column":38},"end":{"line":72,"column":53}},"loc":{"start":{"line":72,"column":53},"end":{"line":72,"column":78}},"line":72},"8":{"name":"(anonymous_8)","decl":{"start":{"line":73,"column":32},"end":{"line":73,"column":47}},"loc":{"start":{"line":73,"column":47},"end":{"line":73,"column":69}},"line":73}},"branchMap":{"0":{"loc":{"start":{"line":25,"column":2},"end":{"line":27,"column":null}},"type":"if","locations":[{"start":{"line":25,"column":2},"end":{"line":27,"column":null}},{"start":{},"end":{}}],"line":25},"1":{"loc":{"start":{"line":29,"column":2},"end":{"line":31,"column":null}},"type":"if","locations":[{"start":{"line":29,"column":2},"end":{"line":31,"column":null}},{"start":{},"end":{}}],"line":29},"2":{"loc":{"start":{"line":34,"column":18},"end":{"line":34,"column":null}},"type":"binary-expr","locations":[{"start":{"line":34,"column":18},"end":{"line":34,"column":38}},{"start":{"line":34,"column":38},"end":{"line":34,"column":null}}],"line":34},"3":{"loc":{"start":{"line":36,"column":20},"end":{"line":36,"column":null}},"type":"cond-expr","locations":[{"start":{"line":36,"column":46},"end":{"line":36,"column":53}},{"start":{"line":36,"column":53},"end":{"line":36,"column":null}}],"line":36},"4":{"loc":{"start":{"line":36,"column":53},"end":{"line":36,"column":null}},"type":"binary-expr","locations":[{"start":{"line":36,"column":53},"end":{"line":36,"column":69}},{"start":{"line":36,"column":69},"end":{"line":36,"column":null}}],"line":36},"5":{"loc":{"start":{"line":40,"column":2},"end":{"line":54,"column":null}},"type":"if","locations":[{"start":{"line":40,"column":2},"end":{"line":54,"column":null}},{"start":{},"end":{}}],"line":40},"6":{"loc":{"start":{"line":72,"column":7},"end":{"line":72,"column":null}},"type":"binary-expr","locations":[{"start":{"line":72,"column":7},"end":{"line":72,"column":23}},{"start":{"line":72,"column":23},"end":{"line":72,"column":null}}],"line":72},"7":{"loc":{"start":{"line":73,"column":7},"end":{"line":73,"column":null}},"type":"binary-expr","locations":[{"start":{"line":73,"column":7},"end":{"line":73,"column":20}},{"start":{"line":73,"column":20},"end":{"line":73,"column":null}}],"line":73}},"s":{"0":2,"1":12,"2":12,"3":12,"4":12,"5":12,"6":7,"7":12,"8":5,"9":7,"10":1,"11":6,"12":6,"13":12,"14":12,"15":12,"16":12,"17":12,"18":1,"19":5,"20":7,"21":0,"22":0,"23":0,"24":0,"25":0},"f":{"0":12,"1":7,"2":12,"3":7,"4":0,"5":0,"6":0,"7":0,"8":0},"b":{"0":[5,7],"1":[1,6],"2":[6,0],"3":[4,2],"4":[2,1],"5":[1,11],"6":[5,0],"7":[12,0]},"meta":{"lastBranch":8,"lastFunction":9,"lastStatement":26,"seen":{"s:12:17:12:Infinity":0,"f:14:24:14:30":0,"s:15:59:15:67":1,"s:16:24:16:Infinity":2,"s:17:42:17:Infinity":3,"s:18:36:18:Infinity":4,"s:21:2:23:Infinity":5,"f:21:2:21:18":1,"s:22:4:22:Infinity":6,"b:25:2:27:Infinity:undefined:undefined:undefined:undefined":0,"s:25:2:27:Infinity":7,"s:26:4:26:Infinity":8,"b:29:2:31:Infinity:undefined:undefined:undefined:undefined":1,"s:29:2:31:Infinity":9,"s:30:4:30:Infinity":10,"s:33:15:33:Infinity":11,"s:34:18:34:Infinity":12,"b:34:18:34:38:34:38:34:Infinity":2,"s:35:20:35:Infinity":13,"f:35:41:35:49":2,"s:35:58:35:71":14,"s:36:20:36:Infinity":15,"b:36:46:36:53:36:53:36:Infinity":3,"b:36:53:36:69:36:69:36:Infinity":4,"s:38:18:38:Infinity":16,"b:40:2:54:Infinity:undefined:undefined:undefined:undefined":5,"s:40:2:54:Infinity":17,"s:43:4:52:Infinity":18,"s:56:2:74:Infinity":19,"f:59:24:59:29":3,"s:59:39:59:78":20,"f:62:8:62:30":4,"s:62:30:62:Infinity":21,"f:63:8:63:27":5,"s:63:27:63:Infinity":22,"f:70:59:70:84":6,"s:70:84:70:108":23,"b:72:7:72:23:72:23:72:Infinity":6,"f:72:38:72:53":7,"s:72:53:72:78":24,"b:73:7:73:20:73:20:73:Infinity":7,"f:73:32:73:47":8,"s:73:47:73:69":25},"fnNames":{}}}
,"/Users/pdelebarre/dev/hokan/src/AuthScreen.css": {"path":"/Users/pdelebarre/dev/hokan/src/AuthScreen.css","statementMap":{},"fnMap":{},"branchMap":{},"s":{},"f":{},"b":{},"meta":{"lastBranch":0,"lastFunction":0,"lastStatement":0,"seen":{},"fnNames":{}}}
,"/Users/pdelebarre/dev/hokan/src/AuthScreen.jsx": {"path":"/Users/pdelebarre/dev/hokan/src/AuthScreen.jsx","statementMap":{"0":{"start":{"line":9,"column":26},"end":{"line":9,"column":null}},"1":{"start":{"line":10,"column":26},"end":{"line":10,"column":null}},"2":{"start":{"line":11,"column":26},"end":{"line":11,"column":null}},"3":{"start":{"line":12,"column":28},"end":{"line":12,"column":null}},"4":{"start":{"line":13,"column":28},"end":{"line":13,"column":null}},"5":{"start":{"line":14,"column":26},"end":{"line":14,"column":null}},"6":{"start":{"line":17,"column":4},"end":{"line":17,"column":null}},"7":{"start":{"line":18,"column":4},"end":{"line":18,"column":null}},"8":{"start":{"line":18,"column":14},"end":{"line":18,"column":null}},"9":{"start":{"line":19,"column":4},"end":{"line":19,"column":null}},"10":{"start":{"line":20,"column":4},"end":{"line":20,"column":null}},"11":{"start":{"line":21,"column":4},"end":{"line":27,"column":null}},"12":{"start":{"line":22,"column":6},"end":{"line":22,"column":null}},"13":{"start":{"line":25,"column":6},"end":{"line":25,"column":null}},"14":{"start":{"line":26,"column":6},"end":{"line":26,"column":null}},"15":{"start":{"line":31,"column":4},"end":{"line":31,"column":null}},"16":{"start":{"line":32,"column":4},"end":{"line":32,"column":null}},"17":{"start":{"line":32,"column":14},"end":{"line":32,"column":null}},"18":{"start":{"line":33,"column":4},"end":{"line":33,"column":null}},"19":{"start":{"line":34,"column":4},"end":{"line":34,"column":null}},"20":{"start":{"line":35,"column":4},"end":{"line":42,"column":null}},"21":{"start":{"line":36,"column":6},"end":{"line":36,"column":null}},"22":{"start":{"line":37,"column":6},"end":{"line":37,"column":null}},"23":{"start":{"line":39,"column":6},"end":{"line":39,"column":null}},"24":{"start":{"line":41,"column":6},"end":{"line":41,"column":null}},"25":{"start":{"line":45,"column":2},"end":{"line":60,"column":null}},"26":{"start":{"line":46,"column":4},"end":{"line":58,"column":null}},"27":{"start":{"line":54,"column":71},"end":{"line":54,"column":91}},"28":{"start":{"line":54,"column":91},"end":{"line":54,"column":104}},"29":{"start":{"line":62,"column":2},"end":{"line":93,"column":null}},"30":{"start":{"line":63,"column":4},"end":{"line":91,"column":null}},"31":{"start":{"line":73,"column":33},"end":{"line":73,"column":58}},"32":{"start":{"line":73,"column":58},"end":{"line":73,"column":82}},"33":{"start":{"line":73,"column":69},"end":{"line":73,"column":82}},"34":{"start":{"line":89,"column":57},"end":{"line":89,"column":77}},"35":{"start":{"line":89,"column":77},"end":{"line":89,"column":90}},"36":{"start":{"line":95,"column":2},"end":{"line":131,"column":null}},"37":{"start":{"line":96,"column":4},"end":{"line":129,"column":null}},"38":{"start":{"line":108,"column":31},"end":{"line":108,"column":null}},"39":{"start":{"line":117,"column":31},"end":{"line":117,"column":null}},"40":{"start":{"line":127,"column":57},"end":{"line":127,"column":77}},"41":{"start":{"line":127,"column":77},"end":{"line":127,"column":90}},"42":{"start":{"line":133,"column":2},"end":{"line":148,"column":null}},"43":{"start":{"line":140,"column":71},"end":{"line":140,"column":null}},"44":{"start":{"line":143,"column":69},"end":{"line":143,"column":null}}},"fnMap":{"0":{"name":"AuthScreen","decl":{"start":{"line":8,"column":24},"end":{"line":8,"column":35}},"loc":{"start":{"line":8,"column":65},"end":{"line":150,"column":null}},"line":8},"1":{"name":"handleLogin","decl":{"start":{"line":16,"column":17},"end":{"line":16,"column":29}},"loc":{"start":{"line":16,"column":32},"end":{"line":28,"column":null}},"line":16},"2":{"name":"handleRequest","decl":{"start":{"line":30,"column":17},"end":{"line":30,"column":31}},"loc":{"start":{"line":30,"column":34},"end":{"line":43,"column":null}},"line":30},"3":{"name":"(anonymous_3)","decl":{"start":{"line":54,"column":54},"end":{"line":54,"column":69}},"loc":{"start":{"line":54,"column":69},"end":{"line":54,"column":null}},"line":54},"4":{"name":"(anonymous_4)","decl":{"start":{"line":73,"column":14},"end":{"line":73,"column":25}},"loc":{"start":{"line":73,"column":31},"end":{"line":73,"column":null}},"line":73},"5":{"name":"(anonymous_5)","decl":{"start":{"line":89,"column":40},"end":{"line":89,"column":55}},"loc":{"start":{"line":89,"column":55},"end":{"line":89,"column":93}},"line":89},"6":{"name":"(anonymous_6)","decl":{"start":{"line":108,"column":14},"end":{"line":108,"column":25}},"loc":{"start":{"line":108,"column":31},"end":{"line":108,"column":null}},"line":108},"7":{"name":"(anonymous_7)","decl":{"start":{"line":117,"column":14},"end":{"line":117,"column":25}},"loc":{"start":{"line":117,"column":31},"end":{"line":117,"column":null}},"line":117},"8":{"name":"(anonymous_8)","decl":{"start":{"line":127,"column":40},"end":{"line":127,"column":55}},"loc":{"start":{"line":127,"column":55},"end":{"line":127,"column":93}},"line":127},"9":{"name":"(anonymous_9)","decl":{"start":{"line":140,"column":56},"end":{"line":140,"column":71}},"loc":{"start":{"line":140,"column":71},"end":{"line":140,"column":null}},"line":140},"10":{"name":"(anonymous_10)","decl":{"start":{"line":143,"column":54},"end":{"line":143,"column":69}},"loc":{"start":{"line":143,"column":69},"end":{"line":143,"column":null}},"line":143}},"branchMap":{"0":{"loc":{"start":{"line":18,"column":4},"end":{"line":18,"column":null}},"type":"if","locations":[{"start":{"line":18,"column":4},"end":{"line":18,"column":null}},{"start":{},"end":{}}],"line":18},"1":{"loc":{"start":{"line":32,"column":4},"end":{"line":32,"column":null}},"type":"if","locations":[{"start":{"line":32,"column":4},"end":{"line":32,"column":null}},{"start":{},"end":{}}],"line":32},"2":{"loc":{"start":{"line":45,"column":2},"end":{"line":60,"column":null}},"type":"if","locations":[{"start":{"line":45,"column":2},"end":{"line":60,"column":null}},{"start":{},"end":{}}],"line":45},"3":{"loc":{"start":{"line":62,"column":2},"end":{"line":93,"column":null}},"type":"if","locations":[{"start":{"line":62,"column":2},"end":{"line":93,"column":null}},{"start":{},"end":{}}],"line":62},"4":{"loc":{"start":{"line":70,"column":48},"end":{"line":70,"column":null}},"type":"cond-expr","locations":[{"start":{"line":70,"column":56},"end":{"line":70,"column":69}},{"start":{"line":70,"column":69},"end":{"line":70,"column":null}}],"line":70},"5":{"loc":{"start":{"line":73,"column":58},"end":{"line":73,"column":82}},"type":"if","locations":[{"start":{"line":73,"column":58},"end":{"line":73,"column":82}},{"start":{},"end":{}}],"line":73},"6":{"loc":{"start":{"line":81,"column":32},"end":{"line":81,"column":null}},"type":"cond-expr","locations":[{"start":{"line":81,"column":40},"end":{"line":81,"column":61}},{"start":{"line":81,"column":61},"end":{"line":81,"column":null}}],"line":81},"7":{"loc":{"start":{"line":84,"column":13},"end":{"line":84,"column":null}},"type":"binary-expr","locations":[{"start":{"line":84,"column":13},"end":{"line":84,"column":22}},{"start":{"line":84,"column":22},"end":{"line":84,"column":null}}],"line":84},"8":{"loc":{"start":{"line":85,"column":82},"end":{"line":85,"column":null}},"type":"binary-expr","locations":[{"start":{"line":85,"column":82},"end":{"line":85,"column":90}},{"start":{"line":85,"column":90},"end":{"line":85,"column":null}}],"line":85},"9":{"loc":{"start":{"line":86,"column":15},"end":{"line":86,"column":null}},"type":"cond-expr","locations":[{"start":{"line":86,"column":22},"end":{"line":86,"column":44}},{"start":{"line":86,"column":44},"end":{"line":86,"column":null}}],"line":86},"10":{"loc":{"start":{"line":95,"column":2},"end":{"line":131,"column":null}},"type":"if","locations":[{"start":{"line":95,"column":2},"end":{"line":131,"column":null}},{"start":{},"end":{}}],"line":95},"11":{"loc":{"start":{"line":122,"column":13},"end":{"line":122,"column":null}},"type":"binary-expr","locations":[{"start":{"line":122,"column":13},"end":{"line":122,"column":22}},{"start":{"line":122,"column":22},"end":{"line":122,"column":null}}],"line":122},"12":{"loc":{"start":{"line":123,"column":82},"end":{"line":123,"column":null}},"type":"binary-expr","locations":[{"start":{"line":123,"column":82},"end":{"line":123,"column":90}},{"start":{"line":123,"column":90},"end":{"line":123,"column":106}},{"start":{"line":123,"column":106},"end":{"line":123,"column":null}}],"line":123},"13":{"loc":{"start":{"line":124,"column":15},"end":{"line":124,"column":null}},"type":"cond-expr","locations":[{"start":{"line":124,"column":22},"end":{"line":124,"column":45}},{"start":{"line":124,"column":45},"end":{"line":124,"column":null}}],"line":124}},"s":{"0":1,"1":1,"2":1,"3":1,"4":1,"5":1,"6":0,"7":0,"8":0,"9":0,"10":0,"11":0,"12":0,"13":0,"14":0,"15":0,"16":0,"17":0,"18":0,"19":0,"20":0,"21":0,"22":0,"23":0,"24":0,"25":1,"26":0,"27":0,"28":0,"29":1,"30":0,"31":0,"32":0,"33":0,"34":0,"35":0,"36":1,"37":0,"38":0,"39":0,"40":0,"41":0,"42":1,"43":0,"44":0},"f":{"0":1,"1":0,"2":0,"3":0,"4":0,"5":0,"6":0,"7":0,"8":0,"9":0,"10":0},"b":{"0":[0,0],"1":[0,0],"2":[0,1],"3":[0,1],"4":[0,0],"5":[0,0],"6":[0,0],"7":[0,0],"8":[0,0],"9":[0,0],"10":[0,1],"11":[0,0],"12":[0,0,0],"13":[0,0]},"meta":{"lastBranch":14,"lastFunction":11,"lastStatement":45,"seen":{"f:8:24:8:35":0,"s:9:26:9:Infinity":0,"s:10:26:10:Infinity":1,"s:11:26:11:Infinity":2,"s:12:28:12:Infinity":3,"s:13:28:13:Infinity":4,"s:14:26:14:Infinity":5,"f:16:17:16:29":1,"s:17:4:17:Infinity":6,"b:18:4:18:Infinity:undefined:undefined:undefined:undefined":0,"s:18:4:18:Infinity":7,"s:18:14:18:Infinity":8,"s:19:4:19:Infinity":9,"s:20:4:20:Infinity":10,"s:21:4:27:Infinity":11,"s:22:6:22:Infinity":12,"s:25:6:25:Infinity":13,"s:26:6:26:Infinity":14,"f:30:17:30:31":2,"s:31:4:31:Infinity":15,"b:32:4:32:Infinity:undefined:undefined:undefined:undefined":1,"s:32:4:32:Infinity":16,"s:32:14:32:Infinity":17,"s:33:4:33:Infinity":18,"s:34:4:34:Infinity":19,"s:35:4:42:Infinity":20,"s:36:6:36:Infinity":21,"s:37:6:37:Infinity":22,"s:39:6:39:Infinity":23,"s:41:6:41:Infinity":24,"b:45:2:60:Infinity:undefined:undefined:undefined:undefined":2,"s:45:2:60:Infinity":25,"s:46:4:58:Infinity":26,"f:54:54:54:69":3,"s:54:71:54:91":27,"s:54:91:54:104":28,"b:62:2:93:Infinity:undefined:undefined:undefined:undefined":3,"s:62:2:93:Infinity":29,"s:63:4:91:Infinity":30,"b:70:56:70:69:70:69:70:Infinity":4,"f:73:14:73:25":4,"s:73:33:73:58":31,"b:73:58:73:82:undefined:undefined:undefined:undefined":5,"s:73:58:73:82":32,"s:73:69:73:82":33,"b:81:40:81:61:81:61:81:Infinity":6,"b:84:13:84:22:84:22:84:Infinity":7,"b:85:82:85:90:85:90:85:Infinity":8,"b:86:22:86:44:86:44:86:Infinity":9,"f:89:40:89:55":5,"s:89:57:89:77":34,"s:89:77:89:90":35,"b:95:2:131:Infinity:undefined:undefined:undefined:undefined":10,"s:95:2:131:Infinity":36,"s:96:4:129:Infinity":37,"f:108:14:108:25":6,"s:108:31:108:Infinity":38,"f:117:14:117:25":7,"s:117:31:117:Infinity":39,"b:122:13:122:22:122:22:122:Infinity":11,"b:123:82:123:90:123:90:123:106:123:106:123:Infinity":12,"b:124:22:124:45:124:45:124:Infinity":13,"f:127:40:127:55":8,"s:127:57:127:77":40,"s:127:77:127:90":41,"s:133:2:148:Infinity":42,"f:140:56:140:71":9,"s:140:71:140:Infinity":43,"f:143:54:143:69":10,"s:143:69:143:Infinity":44},"fnNames":{}}}
,"/Users/pdelebarre/dev/hokan/src/CollectionView.jsx": {"path":"/Users/pdelebarre/dev/hokan/src/CollectionView.jsx","statementMap":{"0":{"start":{"line":14,"column":21},"end":{"line":14,"column":null}},"1":{"start":{"line":14,"column":32},"end":{"line":14,"column":null}},"2":{"start":{"line":17,"column":2},"end":{"line":17,"column":null}},"3":{"start":{"line":21,"column":20},"end":{"line":21,"column":null}},"4":{"start":{"line":29,"column":65},"end":{"line":29,"column":null}},"5":{"start":{"line":31,"column":28},"end":{"line":31,"column":null}},"6":{"start":{"line":32,"column":40},"end":{"line":32,"column":null}},"7":{"start":{"line":33,"column":44},"end":{"line":33,"column":null}},"8":{"start":{"line":34,"column":42},"end":{"line":34,"column":null}},"9":{"start":{"line":35,"column":28},"end":{"line":35,"column":null}},"10":{"start":{"line":36,"column":21},"end":{"line":36,"column":null}},"11":{"start":{"line":38,"column":28},"end":{"line":38,"column":null}},"12":{"start":{"line":39,"column":46},"end":{"line":39,"column":null}},"13":{"start":{"line":40,"column":44},"end":{"line":40,"column":null}},"14":{"start":{"line":41,"column":42},"end":{"line":41,"column":null}},"15":{"start":{"line":42,"column":42},"end":{"line":42,"column":null}},"16":{"start":{"line":43,"column":30},"end":{"line":43,"column":null}},"17":{"start":{"line":46,"column":26},"end":{"line":48,"column":null}},"18":{"start":{"line":47,"column":4},"end":{"line":47,"column":null}},"19":{"start":{"line":47,"column":10},"end":{"line":47,"column":98}},"20":{"start":{"line":47,"column":108},"end":{"line":47,"column":122}},"21":{"start":{"line":49,"column":2},"end":{"line":51,"column":null}},"22":{"start":{"line":50,"column":4},"end":{"line":50,"column":null}},"23":{"start":{"line":50,"column":10},"end":{"line":50,"column":68}},"24":{"start":{"line":55,"column":2},"end":{"line":58,"column":null}},"25":{"start":{"line":56,"column":14},"end":{"line":56,"column":null}},"26":{"start":{"line":56,"column":31},"end":{"line":56,"column":57}},"27":{"start":{"line":57,"column":4},"end":{"line":57,"column":null}},"28":{"start":{"line":57,"column":17},"end":{"line":57,"column":null}},"29":{"start":{"line":61,"column":32},"end":{"line":61,"column":null}},"30":{"start":{"line":62,"column":17},"end":{"line":62,"column":null}},"31":{"start":{"line":63,"column":21},"end":{"line":63,"column":null}},"32":{"start":{"line":65,"column":2},"end":{"line":76,"column":null}},"33":{"start":{"line":66,"column":4},"end":{"line":66,"column":null}},"34":{"start":{"line":66,"column":18},"end":{"line":66,"column":null}},"35":{"start":{"line":67,"column":4},"end":{"line":67,"column":null}},"36":{"start":{"line":69,"column":6},"end":{"line":72,"column":null}},"37":{"start":{"line":70,"column":8},"end":{"line":70,"column":null}},"38":{"start":{"line":71,"column":8},"end":{"line":71,"column":null}},"39":{"start":{"line":74,"column":4},"end":{"line":74,"column":null}},"40":{"start":{"line":75,"column":4},"end":{"line":75,"column":null}},"41":{"start":{"line":75,"column":17},"end":{"line":75,"column":null}},"42":{"start":{"line":78,"column":38},"end":{"line":78,"column":null}},"43":{"start":{"line":79,"column":15},"end":{"line":79,"column":null}},"44":{"start":{"line":82,"column":4},"end":{"line":82,"column":null}},"45":{"start":{"line":82,"column":28},"end":{"line":82,"column":null}},"46":{"start":{"line":83,"column":4},"end":{"line":83,"column":null}},"47":{"start":{"line":84,"column":4},"end":{"line":84,"column":null}},"48":{"start":{"line":84,"column":42},"end":{"line":84,"column":58}},"49":{"start":{"line":88,"column":4},"end":{"line":88,"column":null}},"50":{"start":{"line":88,"column":32},"end":{"line":88,"column":94}},"51":{"start":{"line":88,"column":70},"end":{"line":88,"column":77}},"52":{"start":{"line":92,"column":4},"end":{"line":92,"column":null}},"53":{"start":{"line":92,"column":31},"end":{"line":92,"column":93}},"54":{"start":{"line":92,"column":69},"end":{"line":92,"column":76}},"55":{"start":{"line":96,"column":4},"end":{"line":96,"column":null}},"56":{"start":{"line":97,"column":4},"end":{"line":97,"column":null}},"57":{"start":{"line":98,"column":4},"end":{"line":98,"column":null}},"58":{"start":{"line":99,"column":4},"end":{"line":99,"column":null}},"59":{"start":{"line":105,"column":4},"end":{"line":105,"column":null}},"60":{"start":{"line":106,"column":4},"end":{"line":106,"column":null}},"61":{"start":{"line":107,"column":4},"end":{"line":107,"column":null}},"62":{"start":{"line":111,"column":30},"end":{"line":127,"column":null}},"63":{"start":{"line":112,"column":21},"end":{"line":112,"column":null}},"64":{"start":{"line":113,"column":22},"end":{"line":113,"column":null}},"65":{"start":{"line":114,"column":4},"end":{"line":122,"column":null}},"66":{"start":{"line":115,"column":17},"end":{"line":115,"column":null}},"67":{"start":{"line":116,"column":6},"end":{"line":119,"column":null}},"68":{"start":{"line":117,"column":24},"end":{"line":117,"column":null}},"69":{"start":{"line":118,"column":8},"end":{"line":118,"column":null}},"70":{"start":{"line":118,"column":21},"end":{"line":118,"column":null}},"71":{"start":{"line":120,"column":25},"end":{"line":120,"column":null}},"72":{"start":{"line":121,"column":6},"end":{"line":121,"column":null}},"73":{"start":{"line":121,"column":18},"end":{"line":121,"column":null}},"74":{"start":{"line":123,"column":4},"end":{"line":126,"column":null}},"75":{"start":{"line":124,"column":43},"end":{"line":124,"column":61}},"76":{"start":{"line":125,"column":45},"end":{"line":125,"column":63}},"77":{"start":{"line":129,"column":27},"end":{"line":129,"column":null}},"78":{"start":{"line":135,"column":51},"end":{"line":135,"column":null}},"79":{"start":{"line":136,"column":4},"end":{"line":136,"column":null}},"80":{"start":{"line":137,"column":4},"end":{"line":137,"column":null}},"81":{"start":{"line":141,"column":18},"end":{"line":141,"column":null}},"82":{"start":{"line":145,"column":23},"end":{"line":145,"column":null}},"83":{"start":{"line":145,"column":42},"end":{"line":145,"column":76}},"84":{"start":{"line":146,"column":4},"end":{"line":149,"column":null}},"85":{"start":{"line":147,"column":6},"end":{"line":147,"column":null}},"86":{"start":{"line":148,"column":6},"end":{"line":148,"column":null}},"87":{"start":{"line":151,"column":4},"end":{"line":151,"column":null}},"88":{"start":{"line":152,"column":4},"end":{"line":152,"column":null}},"89":{"start":{"line":153,"column":4},"end":{"line":167,"column":null}},"90":{"start":{"line":154,"column":22},"end":{"line":154,"column":null}},"91":{"start":{"line":155,"column":6},"end":{"line":159,"column":null}},"92":{"start":{"line":156,"column":8},"end":{"line":156,"column":null}},"93":{"start":{"line":158,"column":8},"end":{"line":158,"column":null}},"94":{"start":{"line":161,"column":6},"end":{"line":165,"column":null}},"95":{"start":{"line":162,"column":8},"end":{"line":162,"column":null}},"96":{"start":{"line":163,"column":8},"end":{"line":163,"column":null}},"97":{"start":{"line":164,"column":8},"end":{"line":164,"column":null}},"98":{"start":{"line":166,"column":6},"end":{"line":166,"column":null}},"99":{"start":{"line":171,"column":4},"end":{"line":172,"column":null}},"100":{"start":{"line":171,"column":29},"end":{"line":171,"column":null}},"101":{"start":{"line":172,"column":9},"end":{"line":172,"column":null}},"102":{"start":{"line":178,"column":20},"end":{"line":178,"column":null}},"103":{"start":{"line":179,"column":4},"end":{"line":179,"column":null}},"104":{"start":{"line":180,"column":4},"end":{"line":180,"column":null}},"105":{"start":{"line":181,"column":4},"end":{"line":181,"column":null}},"106":{"start":{"line":182,"column":4},"end":{"line":189,"column":null}},"107":{"start":{"line":183,"column":6},"end":{"line":183,"column":null}},"108":{"start":{"line":184,"column":6},"end":{"line":184,"column":null}},"109":{"start":{"line":185,"column":6},"end":{"line":185,"column":null}},"110":{"start":{"line":186,"column":6},"end":{"line":186,"column":null}},"111":{"start":{"line":188,"column":6},"end":{"line":188,"column":null}},"112":{"start":{"line":193,"column":4},"end":{"line":193,"column":null}},"113":{"start":{"line":194,"column":4},"end":{"line":194,"column":null}},"114":{"start":{"line":198,"column":4},"end":{"line":198,"column":null}},"115":{"start":{"line":199,"column":4},"end":{"line":199,"column":null}},"116":{"start":{"line":203,"column":4},"end":{"line":203,"column":null}},"117":{"start":{"line":204,"column":4},"end":{"line":204,"column":null}},"118":{"start":{"line":205,"column":4},"end":{"line":205,"column":null}},"119":{"start":{"line":206,"column":4},"end":{"line":206,"column":null}},"120":{"start":{"line":207,"column":4},"end":{"line":207,"column":null}},"121":{"start":{"line":211,"column":4},"end":{"line":211,"column":null}},"122":{"start":{"line":211,"column":23},"end":{"line":211,"column":null}},"123":{"start":{"line":212,"column":4},"end":{"line":212,"column":null}},"124":{"start":{"line":213,"column":4},"end":{"line":213,"column":null}},"125":{"start":{"line":213,"column":31},"end":{"line":213,"column":64}},"126":{"start":{"line":219,"column":4},"end":{"line":219,"column":null}},"127":{"start":{"line":220,"column":4},"end":{"line":220,"column":null}},"128":{"start":{"line":224,"column":4},"end":{"line":224,"column":null}},"129":{"start":{"line":225,"column":4},"end":{"line":225,"column":null}},"130":{"start":{"line":228,"column":23},"end":{"line":266,"column":null}},"131":{"start":{"line":229,"column":15},"end":{"line":229,"column":null}},"132":{"start":{"line":230,"column":4},"end":{"line":232,"column":null}},"133":{"start":{"line":231,"column":6},"end":{"line":231,"column":null}},"134":{"start":{"line":231,"column":33},"end":{"line":231,"column":70}},"135":{"start":{"line":233,"column":4},"end":{"line":235,"column":null}},"136":{"start":{"line":234,"column":6},"end":{"line":234,"column":null}},"137":{"start":{"line":234,"column":26},"end":{"line":234,"column":87}},"138":{"start":{"line":234,"column":62},"end":{"line":234,"column":86}},"139":{"start":{"line":236,"column":4},"end":{"line":238,"column":null}},"140":{"start":{"line":237,"column":6},"end":{"line":237,"column":null}},"141":{"start":{"line":237,"column":33},"end":{"line":237,"column":83}},"142":{"start":{"line":239,"column":4},"end":{"line":246,"column":null}},"143":{"start":{"line":240,"column":16},"end":{"line":240,"column":null}},"144":{"start":{"line":241,"column":6},"end":{"line":245,"column":null}},"145":{"start":{"line":242,"column":8},"end":{"line":245,"column":65}},"146":{"start":{"line":245,"column":37},"end":{"line":245,"column":64}},"147":{"start":{"line":247,"column":19},"end":{"line":247,"column":null}},"148":{"start":{"line":248,"column":4},"end":{"line":264,"column":null}},"149":{"start":{"line":249,"column":21},"end":{"line":249,"column":31}},"150":{"start":{"line":250,"column":6},"end":{"line":253,"column":null}},"151":{"start":{"line":251,"column":26},"end":{"line":251,"column":null}},"152":{"start":{"line":252,"column":8},"end":{"line":252,"column":null}},"153":{"start":{"line":254,"column":11},"end":{"line":264,"column":null}},"154":{"start":{"line":255,"column":6},"end":{"line":255,"column":null}},"155":{"start":{"line":255,"column":22},"end":{"line":255,"column":57}},"156":{"start":{"line":256,"column":11},"end":{"line":264,"column":null}},"157":{"start":{"line":257,"column":21},"end":{"line":257,"column":31}},"158":{"start":{"line":258,"column":6},"end":{"line":258,"column":null}},"159":{"start":{"line":258,"column":22},"end":{"line":258,"column":90}},"160":{"start":{"line":259,"column":11},"end":{"line":264,"column":null}},"161":{"start":{"line":260,"column":21},"end":{"line":260,"column":31}},"162":{"start":{"line":261,"column":6},"end":{"line":261,"column":null}},"163":{"start":{"line":261,"column":22},"end":{"line":261,"column":80}},"164":{"start":{"line":263,"column":6},"end":{"line":263,"column":null}},"165":{"start":{"line":263,"column":28},"end":{"line":263,"column":83}},"166":{"start":{"line":265,"column":4},"end":{"line":265,"column":null}},"167":{"start":{"line":268,"column":2},"end":{"line":433,"column":null}},"168":{"start":{"line":301,"column":48},"end":{"line":301,"column":66}},"169":{"start":{"line":301,"column":85},"end":{"line":301,"column":106}},"170":{"start":{"line":314,"column":34},"end":{"line":314,"column":57}},"171":{"start":{"line":314,"column":57},"end":{"line":314,"column":76}},"172":{"start":{"line":317,"column":59},"end":{"line":317,"column":82}},"173":{"start":{"line":317,"column":82},"end":{"line":317,"column":101}},"174":{"start":{"line":338,"column":88},"end":{"line":338,"column":null}},"175":{"start":{"line":345,"column":88},"end":{"line":345,"column":null}},"176":{"start":{"line":352,"column":88},"end":{"line":352,"column":null}},"177":{"start":{"line":366,"column":27},"end":{"line":366,"column":null}},"178":{"start":{"line":366,"column":45},"end":{"line":366,"column":47}},"179":{"start":{"line":398,"column":31},"end":{"line":398,"column":null}},"180":{"start":{"line":399,"column":26},"end":{"line":399,"column":null}},"181":{"start":{"line":400,"column":25},"end":{"line":400,"column":null}},"182":{"start":{"line":407,"column":72},"end":{"line":407,"column":89}},"183":{"start":{"line":419,"column":27},"end":{"line":419,"column":43}},"184":{"start":{"line":419,"column":43},"end":{"line":419,"column":66}},"185":{"start":{"line":428,"column":27},"end":{"line":428,"column":43}},"186":{"start":{"line":428,"column":43},"end":{"line":428,"column":65}}},"fnMap":{"0":{"name":"(anonymous_0)","decl":{"start":{"line":14,"column":21},"end":{"line":14,"column":32}},"loc":{"start":{"line":14,"column":32},"end":{"line":14,"column":null}},"line":14},"1":{"name":"cleanBarcode","decl":{"start":{"line":16,"column":9},"end":{"line":16,"column":22}},"loc":{"start":{"line":16,"column":27},"end":{"line":18,"column":null}},"line":16},"2":{"name":"CollectionView","decl":{"start":{"line":28,"column":24},"end":{"line":28,"column":39}},"loc":{"start":{"line":28,"column":71},"end":{"line":435,"column":null}},"line":28},"3":{"name":"(anonymous_3)","decl":{"start":{"line":46,"column":26},"end":{"line":46,"column":41}},"loc":{"start":{"line":46,"column":41},"end":{"line":48,"column":3}},"line":46},"4":{"name":"(anonymous_4)","decl":{"start":{"line":49,"column":2},"end":{"line":49,"column":18}},"loc":{"start":{"line":49,"column":18},"end":{"line":51,"column":5}},"line":49},"5":{"name":"(anonymous_5)","decl":{"start":{"line":55,"column":2},"end":{"line":55,"column":18}},"loc":{"start":{"line":55,"column":18},"end":{"line":58,"column":5}},"line":55},"6":{"name":"(anonymous_6)","decl":{"start":{"line":56,"column":14},"end":{"line":56,"column":31}},"loc":{"start":{"line":56,"column":31},"end":{"line":56,"column":57}},"line":56},"7":{"name":"(anonymous_7)","decl":{"start":{"line":57,"column":4},"end":{"line":57,"column":17}},"loc":{"start":{"line":57,"column":17},"end":{"line":57,"column":null}},"line":57},"8":{"name":"(anonymous_8)","decl":{"start":{"line":65,"column":2},"end":{"line":65,"column":18}},"loc":{"start":{"line":65,"column":18},"end":{"line":76,"column":5}},"line":65},"9":{"name":"onKey","decl":{"start":{"line":68,"column":13},"end":{"line":68,"column":19}},"loc":{"start":{"line":68,"column":22},"end":{"line":73,"column":null}},"line":68},"10":{"name":"(anonymous_10)","decl":{"start":{"line":75,"column":4},"end":{"line":75,"column":17}},"loc":{"start":{"line":75,"column":17},"end":{"line":75,"column":null}},"line":75},"11":{"name":"showToast","decl":{"start":{"line":81,"column":11},"end":{"line":81,"column":21}},"loc":{"start":{"line":81,"column":40},"end":{"line":85,"column":null}},"line":81},"12":{"name":"(anonymous_12)","decl":{"start":{"line":84,"column":25},"end":{"line":84,"column":42}},"loc":{"start":{"line":84,"column":42},"end":{"line":84,"column":58}},"line":84},"13":{"name":"toggleFormat","decl":{"start":{"line":87,"column":11},"end":{"line":87,"column":24}},"loc":{"start":{"line":87,"column":27},"end":{"line":89,"column":null}},"line":87},"14":{"name":"(anonymous_14)","decl":{"start":{"line":88,"column":4},"end":{"line":88,"column":22}},"loc":{"start":{"line":88,"column":32},"end":{"line":88,"column":94}},"line":88},"15":{"name":"(anonymous_15)","decl":{"start":{"line":88,"column":56},"end":{"line":88,"column":64}},"loc":{"start":{"line":88,"column":70},"end":{"line":88,"column":77}},"line":88},"16":{"name":"toggleGenre","decl":{"start":{"line":91,"column":11},"end":{"line":91,"column":23}},"loc":{"start":{"line":91,"column":26},"end":{"line":93,"column":null}},"line":91},"17":{"name":"(anonymous_17)","decl":{"start":{"line":92,"column":4},"end":{"line":92,"column":21}},"loc":{"start":{"line":92,"column":31},"end":{"line":92,"column":93}},"line":92},"18":{"name":"(anonymous_18)","decl":{"start":{"line":92,"column":55},"end":{"line":92,"column":63}},"loc":{"start":{"line":92,"column":69},"end":{"line":92,"column":76}},"line":92},"19":{"name":"clearFilters","decl":{"start":{"line":95,"column":11},"end":{"line":95,"column":26}},"loc":{"start":{"line":95,"column":26},"end":{"line":100,"column":null}},"line":95},"20":{"name":"resetFilters","decl":{"start":{"line":104,"column":11},"end":{"line":104,"column":26}},"loc":{"start":{"line":104,"column":26},"end":{"line":108,"column":null}},"line":104},"21":{"name":"(anonymous_21)","decl":{"start":{"line":111,"column":30},"end":{"line":111,"column":44}},"loc":{"start":{"line":111,"column":44},"end":{"line":127,"column":5}},"line":111},"22":{"name":"(anonymous_22)","decl":{"start":{"line":114,"column":10},"end":{"line":114,"column":19}},"loc":{"start":{"line":114,"column":26},"end":{"line":122,"column":5}},"line":114},"23":{"name":"(anonymous_23)","decl":{"start":{"line":116,"column":9},"end":{"line":116,"column":18}},"loc":{"start":{"line":116,"column":24},"end":{"line":119,"column":7}},"line":116},"24":{"name":"(anonymous_24)","decl":{"start":{"line":124,"column":28},"end":{"line":124,"column":34}},"loc":{"start":{"line":124,"column":43},"end":{"line":124,"column":61}},"line":124},"25":{"name":"(anonymous_25)","decl":{"start":{"line":125,"column":30},"end":{"line":125,"column":36}},"loc":{"start":{"line":125,"column":45},"end":{"line":125,"column":63}},"line":125},"26":{"name":"presentCandidate","decl":{"start":{"line":134,"column":11},"end":{"line":134,"column":28}},"loc":{"start":{"line":134,"column":39},"end":{"line":138,"column":null}},"line":134},"27":{"name":"handleBarcodeDetected","decl":{"start":{"line":140,"column":17},"end":{"line":140,"column":39}},"loc":{"start":{"line":140,"column":48},"end":{"line":168,"column":null}},"line":140},"28":{"name":"(anonymous_28)","decl":{"start":{"line":145,"column":29},"end":{"line":145,"column":35}},"loc":{"start":{"line":145,"column":42},"end":{"line":145,"column":76}},"line":145},"29":{"name":"handleScannerClose","decl":{"start":{"line":170,"column":11},"end":{"line":170,"column":30}},"loc":{"start":{"line":170,"column":38},"end":{"line":173,"column":null}},"line":170},"30":{"name":"handleAddCandidate","decl":{"start":{"line":175,"column":17},"end":{"line":175,"column":36}},"loc":{"start":{"line":175,"column":47},"end":{"line":190,"column":null}},"line":175},"31":{"name":"handleOpenFromResult","decl":{"start":{"line":192,"column":11},"end":{"line":192,"column":32}},"loc":{"start":{"line":192,"column":38},"end":{"line":195,"column":null}},"line":192},"32":{"name":"handleScanNext","decl":{"start":{"line":197,"column":11},"end":{"line":197,"column":28}},"loc":{"start":{"line":197,"column":28},"end":{"line":200,"column":null}},"line":197},"33":{"name":"handleDelete","decl":{"start":{"line":202,"column":17},"end":{"line":202,"column":30}},"loc":{"start":{"line":202,"column":34},"end":{"line":208,"column":null}},"line":202},"34":{"name":"handleSaveNotes","decl":{"start":{"line":210,"column":17},"end":{"line":210,"column":33}},"loc":{"start":{"line":210,"column":40},"end":{"line":214,"column":null}},"line":210},"35":{"name":"(anonymous_35)","decl":{"start":{"line":213,"column":4},"end":{"line":213,"column":21}},"loc":{"start":{"line":213,"column":31},"end":{"line":213,"column":64}},"line":213},"36":{"name":"closeFab","decl":{"start":{"line":218,"column":11},"end":{"line":218,"column":22}},"loc":{"start":{"line":218,"column":22},"end":{"line":221,"column":null}},"line":218},"37":{"name":"fabAction","decl":{"start":{"line":223,"column":11},"end":{"line":223,"column":21}},"loc":{"start":{"line":223,"column":24},"end":{"line":226,"column":null}},"line":223},"38":{"name":"(anonymous_38)","decl":{"start":{"line":228,"column":23},"end":{"line":228,"column":37}},"loc":{"start":{"line":228,"column":37},"end":{"line":266,"column":5}},"line":228},"39":{"name":"(anonymous_39)","decl":{"start":{"line":231,"column":18},"end":{"line":231,"column":26}},"loc":{"start":{"line":231,"column":33},"end":{"line":231,"column":70}},"line":231},"40":{"name":"(anonymous_40)","decl":{"start":{"line":234,"column":18},"end":{"line":234,"column":26}},"loc":{"start":{"line":234,"column":26},"end":{"line":234,"column":87}},"line":234},"41":{"name":"(anonymous_41)","decl":{"start":{"line":234,"column":50},"end":{"line":234,"column":56}},"loc":{"start":{"line":234,"column":62},"end":{"line":234,"column":86}},"line":234},"42":{"name":"(anonymous_42)","decl":{"start":{"line":237,"column":18},"end":{"line":237,"column":26}},"loc":{"start":{"line":237,"column":33},"end":{"line":237,"column":83}},"line":237},"43":{"name":"(anonymous_43)","decl":{"start":{"line":241,"column":18},"end":{"line":241,"column":26}},"loc":{"start":{"line":242,"column":8},"end":{"line":245,"column":65}},"line":242},"44":{"name":"(anonymous_44)","decl":{"start":{"line":245,"column":25},"end":{"line":245,"column":31}},"loc":{"start":{"line":245,"column":37},"end":{"line":245,"column":64}},"line":245},"45":{"name":"(anonymous_45)","decl":{"start":{"line":250,"column":13},"end":{"line":250,"column":19}},"loc":{"start":{"line":250,"column":28},"end":{"line":253,"column":7}},"line":250},"46":{"name":"(anonymous_46)","decl":{"start":{"line":255,"column":13},"end":{"line":255,"column":19}},"loc":{"start":{"line":255,"column":22},"end":{"line":255,"column":57}},"line":255},"47":{"name":"(anonymous_47)","decl":{"start":{"line":258,"column":13},"end":{"line":258,"column":19}},"loc":{"start":{"line":258,"column":22},"end":{"line":258,"column":90}},"line":258},"48":{"name":"(anonymous_48)","decl":{"start":{"line":261,"column":13},"end":{"line":261,"column":19}},"loc":{"start":{"line":261,"column":22},"end":{"line":261,"column":80}},"line":261},"49":{"name":"(anonymous_49)","decl":{"start":{"line":263,"column":13},"end":{"line":263,"column":19}},"loc":{"start":{"line":263,"column":28},"end":{"line":263,"column":83}},"line":263},"50":{"name":"(anonymous_50)","decl":{"start":{"line":301,"column":34},"end":{"line":301,"column":48}},"loc":{"start":{"line":301,"column":48},"end":{"line":301,"column":66}},"line":301},"51":{"name":"(anonymous_51)","decl":{"start":{"line":301,"column":66},"end":{"line":301,"column":85}},"loc":{"start":{"line":301,"column":85},"end":{"line":301,"column":106}},"line":301},"52":{"name":"(anonymous_52)","decl":{"start":{"line":314,"column":14},"end":{"line":314,"column":23}},"loc":{"start":{"line":314,"column":32},"end":{"line":314,"column":null}},"line":314},"53":{"name":"(anonymous_53)","decl":{"start":{"line":317,"column":39},"end":{"line":317,"column":48}},"loc":{"start":{"line":317,"column":57},"end":{"line":317,"column":105}},"line":317},"54":{"name":"(anonymous_54)","decl":{"start":{"line":338,"column":73},"end":{"line":338,"column":88}},"loc":{"start":{"line":338,"column":88},"end":{"line":338,"column":null}},"line":338},"55":{"name":"(anonymous_55)","decl":{"start":{"line":345,"column":73},"end":{"line":345,"column":88}},"loc":{"start":{"line":345,"column":88},"end":{"line":345,"column":null}},"line":345},"56":{"name":"(anonymous_56)","decl":{"start":{"line":352,"column":73},"end":{"line":352,"column":88}},"loc":{"start":{"line":352,"column":88},"end":{"line":352,"column":null}},"line":352},"57":{"name":"(anonymous_57)","decl":{"start":{"line":366,"column":12},"end":{"line":366,"column":27}},"loc":{"start":{"line":366,"column":27},"end":{"line":366,"column":null}},"line":366},"58":{"name":"(anonymous_58)","decl":{"start":{"line":366,"column":27},"end":{"line":366,"column":39}},"loc":{"start":{"line":366,"column":45},"end":{"line":366,"column":47}},"line":366},"59":{"name":"(anonymous_59)","decl":{"start":{"line":398,"column":10},"end":{"line":398,"column":31}},"loc":{"start":{"line":398,"column":31},"end":{"line":398,"column":null}},"line":398},"60":{"name":"(anonymous_60)","decl":{"start":{"line":399,"column":10},"end":{"line":399,"column":26}},"loc":{"start":{"line":399,"column":26},"end":{"line":399,"column":null}},"line":399},"61":{"name":"(anonymous_61)","decl":{"start":{"line":400,"column":10},"end":{"line":400,"column":25}},"loc":{"start":{"line":400,"column":25},"end":{"line":400,"column":null}},"line":400},"62":{"name":"(anonymous_62)","decl":{"start":{"line":407,"column":57},"end":{"line":407,"column":72}},"loc":{"start":{"line":407,"column":72},"end":{"line":407,"column":89}},"line":407},"63":{"name":"(anonymous_63)","decl":{"start":{"line":419,"column":10},"end":{"line":419,"column":25}},"loc":{"start":{"line":419,"column":25},"end":{"line":419,"column":null}},"line":419},"64":{"name":"(anonymous_64)","decl":{"start":{"line":428,"column":10},"end":{"line":428,"column":25}},"loc":{"start":{"line":428,"column":25},"end":{"line":428,"column":null}},"line":428}},"branchMap":{"0":{"loc":{"start":{"line":47,"column":17},"end":{"line":47,"column":98}},"type":"cond-expr","locations":[{"start":{"line":47,"column":82},"end":{"line":47,"column":91}},{"start":{"line":47,"column":91},"end":{"line":47,"column":98}}],"line":47},"1":{"loc":{"start":{"line":66,"column":4},"end":{"line":66,"column":null}},"type":"if","locations":[{"start":{"line":66,"column":4},"end":{"line":66,"column":null}},{"start":{},"end":{}}],"line":66},"2":{"loc":{"start":{"line":69,"column":6},"end":{"line":72,"column":null}},"type":"if","locations":[{"start":{"line":69,"column":6},"end":{"line":72,"column":null}},{"start":{},"end":{}}],"line":69},"3":{"loc":{"start":{"line":81,"column":26},"end":{"line":81,"column":40}},"type":"default-arg","locations":[{"start":{"line":81,"column":33},"end":{"line":81,"column":40}}],"line":81},"4":{"loc":{"start":{"line":82,"column":4},"end":{"line":82,"column":null}},"type":"if","locations":[{"start":{"line":82,"column":4},"end":{"line":82,"column":null}},{"start":{},"end":{}}],"line":82},"5":{"loc":{"start":{"line":88,"column":32},"end":{"line":88,"column":94}},"type":"cond-expr","locations":[{"start":{"line":88,"column":51},"end":{"line":88,"column":81}},{"start":{"line":88,"column":81},"end":{"line":88,"column":94}}],"line":88},"6":{"loc":{"start":{"line":92,"column":31},"end":{"line":92,"column":93}},"type":"cond-expr","locations":[{"start":{"line":92,"column":50},"end":{"line":92,"column":80}},{"start":{"line":92,"column":80},"end":{"line":92,"column":93}}],"line":92},"7":{"loc":{"start":{"line":115,"column":17},"end":{"line":115,"column":null}},"type":"binary-expr","locations":[{"start":{"line":115,"column":17},"end":{"line":115,"column":29}},{"start":{"line":115,"column":29},"end":{"line":115,"column":null}}],"line":115},"8":{"loc":{"start":{"line":118,"column":8},"end":{"line":118,"column":null}},"type":"if","locations":[{"start":{"line":118,"column":8},"end":{"line":118,"column":null}},{"start":{},"end":{}}],"line":118},"9":{"loc":{"start":{"line":121,"column":6},"end":{"line":121,"column":null}},"type":"if","locations":[{"start":{"line":121,"column":6},"end":{"line":121,"column":null}},{"start":{},"end":{}}],"line":121},"10":{"loc":{"start":{"line":129,"column":27},"end":{"line":129,"column":null}},"type":"binary-expr","locations":[{"start":{"line":129,"column":27},"end":{"line":129,"column":59}},{"start":{"line":129,"column":59},"end":{"line":129,"column":87}},{"start":{"line":129,"column":87},"end":{"line":129,"column":114}},{"start":{"line":129,"column":114},"end":{"line":129,"column":null}}],"line":129},"11":{"loc":{"start":{"line":145,"column":42},"end":{"line":145,"column":76}},"type":"binary-expr","locations":[{"start":{"line":145,"column":42},"end":{"line":145,"column":56}},{"start":{"line":145,"column":56},"end":{"line":145,"column":76}}],"line":145},"12":{"loc":{"start":{"line":146,"column":4},"end":{"line":149,"column":null}},"type":"if","locations":[{"start":{"line":146,"column":4},"end":{"line":149,"column":null}},{"start":{},"end":{}}],"line":146},"13":{"loc":{"start":{"line":155,"column":6},"end":{"line":159,"column":null}},"type":"if","locations":[{"start":{"line":155,"column":6},"end":{"line":159,"column":null}},{"start":{"line":157,"column":13},"end":{"line":159,"column":null}}],"line":155},"14":{"loc":{"start":{"line":161,"column":6},"end":{"line":165,"column":null}},"type":"if","locations":[{"start":{"line":161,"column":6},"end":{"line":165,"column":null}},{"start":{},"end":{}}],"line":161},"15":{"loc":{"start":{"line":171,"column":4},"end":{"line":172,"column":null}},"type":"if","locations":[{"start":{"line":171,"column":4},"end":{"line":172,"column":null}},{"start":{"line":172,"column":9},"end":{"line":172,"column":null}}],"line":171},"16":{"loc":{"start":{"line":207,"column":14},"end":{"line":207,"column":62}},"type":"binary-expr","locations":[{"start":{"line":207,"column":14},"end":{"line":207,"column":35}},{"start":{"line":207,"column":35},"end":{"line":207,"column":62}}],"line":207},"17":{"loc":{"start":{"line":211,"column":4},"end":{"line":211,"column":null}},"type":"if","locations":[{"start":{"line":211,"column":4},"end":{"line":211,"column":null}},{"start":{},"end":{}}],"line":211},"18":{"loc":{"start":{"line":213,"column":31},"end":{"line":213,"column":64}},"type":"cond-expr","locations":[{"start":{"line":213,"column":38},"end":{"line":213,"column":59}},{"start":{"line":213,"column":59},"end":{"line":213,"column":64}}],"line":213},"19":{"loc":{"start":{"line":230,"column":4},"end":{"line":232,"column":null}},"type":"if","locations":[{"start":{"line":230,"column":4},"end":{"line":232,"column":null}},{"start":{},"end":{}}],"line":230},"20":{"loc":{"start":{"line":233,"column":4},"end":{"line":235,"column":null}},"type":"if","locations":[{"start":{"line":233,"column":4},"end":{"line":235,"column":null}},{"start":{},"end":{}}],"line":233},"21":{"loc":{"start":{"line":234,"column":34},"end":{"line":234,"column":48}},"type":"binary-expr","locations":[{"start":{"line":234,"column":34},"end":{"line":234,"column":46}},{"start":{"line":234,"column":46},"end":{"line":234,"column":48}}],"line":234},"22":{"loc":{"start":{"line":236,"column":4},"end":{"line":238,"column":null}},"type":"if","locations":[{"start":{"line":236,"column":4},"end":{"line":238,"column":null}},{"start":{},"end":{}}],"line":236},"23":{"loc":{"start":{"line":239,"column":4},"end":{"line":246,"column":null}},"type":"if","locations":[{"start":{"line":239,"column":4},"end":{"line":246,"column":null}},{"start":{},"end":{}}],"line":239},"24":{"loc":{"start":{"line":242,"column":8},"end":{"line":245,"column":65}},"type":"binary-expr","locations":[{"start":{"line":242,"column":8},"end":{"line":242,"column":null}},{"start":{"line":243,"column":8},"end":{"line":243,"column":null}},{"start":{"line":244,"column":8},"end":{"line":244,"column":null}},{"start":{"line":244,"column":42},"end":{"line":245,"column":65}}],"line":242},"25":{"loc":{"start":{"line":245,"column":9},"end":{"line":245,"column":23}},"type":"binary-expr","locations":[{"start":{"line":245,"column":9},"end":{"line":245,"column":21}},{"start":{"line":245,"column":21},"end":{"line":245,"column":23}}],"line":245},"26":{"loc":{"start":{"line":248,"column":4},"end":{"line":264,"column":null}},"type":"if","locations":[{"start":{"line":248,"column":4},"end":{"line":264,"column":null}},{"start":{"line":254,"column":11},"end":{"line":264,"column":null}}],"line":248},"27":{"loc":{"start":{"line":252,"column":15},"end":{"line":252,"column":null}},"type":"cond-expr","locations":[{"start":{"line":252,"column":33},"end":{"line":252,"column":46}},{"start":{"line":252,"column":33},"end":{"line":252,"column":null}}],"line":252},"28":{"loc":{"start":{"line":252,"column":46},"end":{"line":252,"column":59}},"type":"binary-expr","locations":[{"start":{"line":252,"column":46},"end":{"line":252,"column":57}},{"start":{"line":252,"column":57},"end":{"line":252,"column":59}}],"line":252},"29":{"loc":{"start":{"line":252,"column":75},"end":{"line":252,"column":90}},"type":"binary-expr","locations":[{"start":{"line":252,"column":75},"end":{"line":252,"column":86}},{"start":{"line":252,"column":86},"end":{"line":252,"column":90}}],"line":252},"30":{"loc":{"start":{"line":254,"column":11},"end":{"line":264,"column":null}},"type":"if","locations":[{"start":{"line":254,"column":11},"end":{"line":264,"column":null}},{"start":{"line":256,"column":11},"end":{"line":264,"column":null}}],"line":254},"31":{"loc":{"start":{"line":255,"column":29},"end":{"line":255,"column":45}},"type":"binary-expr","locations":[{"start":{"line":255,"column":29},"end":{"line":255,"column":39}},{"start":{"line":255,"column":39},"end":{"line":255,"column":45}}],"line":255},"32":{"loc":{"start":{"line":255,"column":45},"end":{"line":255,"column":57}},"type":"binary-expr","locations":[{"start":{"line":255,"column":45},"end":{"line":255,"column":55}},{"start":{"line":255,"column":55},"end":{"line":255,"column":57}}],"line":255},"33":{"loc":{"start":{"line":256,"column":11},"end":{"line":264,"column":null}},"type":"if","locations":[{"start":{"line":256,"column":11},"end":{"line":264,"column":null}},{"start":{"line":259,"column":11},"end":{"line":264,"column":null}}],"line":256},"34":{"loc":{"start":{"line":258,"column":29},"end":{"line":258,"column":47}},"type":"binary-expr","locations":[{"start":{"line":258,"column":29},"end":{"line":258,"column":45}},{"start":{"line":258,"column":45},"end":{"line":258,"column":47}}],"line":258},"35":{"loc":{"start":{"line":258,"column":63},"end":{"line":258,"column":83}},"type":"binary-expr","locations":[{"start":{"line":258,"column":63},"end":{"line":258,"column":79}},{"start":{"line":258,"column":79},"end":{"line":258,"column":83}}],"line":258},"36":{"loc":{"start":{"
[...]
02:2:102:Infinity":20,"f:123:16:123:18":4,"b:123:32:123:36":3,"b:124:2:124:Infinity:undefined:undefined:undefined:undefined":4,"s:124:2:124:Infinity":21,"b:124:6:124:33:124:33:124:39":5,"s:124:39:124:Infinity":22,"s:126:15:126:Infinity":23,"s:127:6:127:Infinity":24,"b:127:15:127:23:127:23:127:37:127:37:127:54:127:54:127:Infinity":6,"b:130:2:130:Infinity:undefined:undefined:undefined:undefined":7,"s:130:2:130:Infinity":25,"s:130:33:130:Infinity":26,"s:133:2:135:Infinity":27,"s:134:4:134:Infinity":28,"b:134:64:134:69:134:69:134:71":8,"s:137:2:137:Infinity":29,"f:148:16:148:30":5,"b:149:2:149:Infinity:undefined:undefined:undefined:undefined":9,"s:149:2:149:Infinity":30,"s:149:19:149:Infinity":31,"s:150:14:150:Infinity":32,"b:151:2:151:Infinity:undefined:undefined:undefined:undefined":10,"s:151:2:151:Infinity":33,"s:151:12:151:Infinity":34,"b:154:2:154:Infinity:undefined:undefined:undefined:undefined":11,"s:154:2:154:Infinity":35,"s:154:25:154:Infinity":36,"s:157:20:157:Infinity":37,"f:157:38:157:44":6,"s:157:50:157:87":38,"b:158:2:158:Infinity:undefined:undefined:undefined:undefined":12,"s:158:2:158:Infinity":39,"s:158:17:158:Infinity":40,"s:161:15:161:Infinity":41,"s:162:19:162:Infinity":42,"f:162:37:162:43":7,"s:162:49:162:81":43,"b:163:2:163:Infinity:undefined:undefined:undefined:undefined":13,"s:163:2:163:Infinity":44,"s:163:16:163:Infinity":45,"s:165:2:165:Infinity":46,"s:172:29:175:Infinity":47,"f:174:2:174:19":8,"f:180:16:180:28":9,"s:181:2:181:Infinity":48,"f:189:16:189:31":10,"s:190:35:199:Infinity":49,"f:190:35:190:50":11,"s:192:4:195:Infinity":50,"s:193:20:193:Infinity":51,"b:194:6:194:Infinity:undefined:undefined:undefined:undefined":14,"s:194:6:194:Infinity":52,"b:194:10:194:19:194:19:194:40":15,"s:194:40:194:Infinity":53,"s:197:20:197:Infinity":54,"b:197:55:197:76:197:76:197:Infinity":16,"s:198:4:198:Infinity":55,"s:202:2:208:Infinity":56,"f:202:2:202:18":12,"s:203:4:203:Infinity":57,"s:204:4:204:Infinity":58,"s:205:4:207:Infinity":59,"s:206:6:206:Infinity":60,"s:210:23:213:Infinity":61,"f:210:23:210:36":13,"s:211:21:211:Infinity":62,"s:212:4:212:Infinity":63,"s:215:16:215:Infinity":64,"f:215:16:215:31":14,"s:215:31:215:69":65,"s:217:2:220:Infinity":66},"fnNames":{}}}
,"/Users/pdelebarre/dev/hokan/src/i18n/locales/de.js": {"path":"/Users/pdelebarre/dev/hokan/src/i18n/locales/de.js","statementMap":{"0":{"start":{"line":2,"column":11},"end":{"line":237,"column":null}}},"fnMap":{},"branchMap":{},"s":{"0":16},"f":{},"b":{},"meta":{"lastBranch":0,"lastFunction":0,"lastStatement":1,"seen":{"s:2:11:237:Infinity":0},"fnNames":{}}}
,"/Users/pdelebarre/dev/hokan/src/i18n/locales/en-GB.js": {"path":"/Users/pdelebarre/dev/hokan/src/i18n/locales/en-GB.js","statementMap":{"0":{"start":{"line":3,"column":13},"end":{"line":238,"column":null}}},"fnMap":{},"branchMap":{},"s":{"0":16},"f":{},"b":{},"meta":{"lastBranch":0,"lastFunction":0,"lastStatement":1,"seen":{"s:3:13:238:Infinity":0},"fnNames":{}}}
,"/Users/pdelebarre/dev/hokan/src/i18n/locales/en.js": {"path":"/Users/pdelebarre/dev/hokan/src/i18n/locales/en.js","statementMap":{"0":{"start":{"line":2,"column":11},"end":{"line":237,"column":null}}},"fnMap":{},"branchMap":{},"s":{"0":16},"f":{},"b":{},"meta":{"lastBranch":0,"lastFunction":0,"lastStatement":1,"seen":{"s:2:11:237:Infinity":0},"fnNames":{}}}
,"/Users/pdelebarre/dev/hokan/src/i18n/locales/es.js": {"path":"/Users/pdelebarre/dev/hokan/src/i18n/locales/es.js","statementMap":{"0":{"start":{"line":2,"column":11},"end":{"line":237,"column":null}}},"fnMap":{},"branchMap":{},"s":{"0":16},"f":{},"b":{},"meta":{"lastBranch":0,"lastFunction":0,"lastStatement":1,"seen":{"s:2:11:237:Infinity":0},"fnNames":{}}}
,"/Users/pdelebarre/dev/hokan/src/i18n/locales/fr.js": {"path":"/Users/pdelebarre/dev/hokan/src/i18n/locales/fr.js","statementMap":{"0":{"start":{"line":2,"column":11},"end":{"line":237,"column":null}}},"fnMap":{},"branchMap":{},"s":{"0":16},"f":{},"b":{},"meta":{"lastBranch":0,"lastFunction":0,"lastStatement":1,"seen":{"s:2:11:237:Infinity":0},"fnNames":{}}}
,"/Users/pdelebarre/dev/hokan/src/i18n/locales/it.js": {"path":"/Users/pdelebarre/dev/hokan/src/i18n/locales/it.js","statementMap":{"0":{"start":{"line":2,"column":11},"end":{"line":237,"column":null}}},"fnMap":{},"branchMap":{},"s":{"0":16},"f":{},"b":{},"meta":{"lastBranch":0,"lastFunction":0,"lastStatement":1,"seen":{"s:2:11:237:Infinity":0},"fnNames":{}}}
,"/Users/pdelebarre/dev/hokan/src/i18n/locales/nl.js": {"path":"/Users/pdelebarre/dev/hokan/src/i18n/locales/nl.js","statementMap":{"0":{"start":{"line":2,"column":11},"end":{"line":237,"column":null}}},"fnMap":{},"branchMap":{},"s":{"0":16},"f":{},"b":{},"meta":{"lastBranch":0,"lastFunction":0,"lastStatement":1,"seen":{"s:2:11:237:Infinity":0},"fnNames":{}}}
,"/Users/pdelebarre/dev/hokan/src/i18n/locales/pt-BR.js": {"path":"/Users/pdelebarre/dev/hokan/src/i18n/locales/pt-BR.js","statementMap":{"0":{"start":{"line":2,"column":13},"end":{"line":237,"column":null}}},"fnMap":{},"branchMap":{},"s":{"0":16},"f":{},"b":{},"meta":{"lastBranch":0,"lastFunction":0,"lastStatement":1,"seen":{"s:2:13:237:Infinity":0},"fnNames":{}}}
,"/Users/pdelebarre/dev/hokan/src/styles/shared.css": {"path":"/Users/pdelebarre/dev/hokan/src/styles/shared.css","statementMap":{},"fnMap":{},"branchMap":{},"s":{},"f":{},"b":{},"meta":{"lastBranch":0,"lastFunction":0,"lastStatement":0,"seen":{},"fnNames":{}}}
,"/Users/pdelebarre/dev/hokan/src/utils/locale-pref.js": {"path":"/Users/pdelebarre/dev/hokan/src/utils/locale-pref.js","statementMap":{"0":{"start":{"line":12,"column":15},"end":{"line":12,"column":null}},"1":{"start":{"line":18,"column":2},"end":{"line":18,"column":null}},"2":{"start":{"line":18,"column":15},"end":{"line":18,"column":null}},"3":{"start":{"line":19,"column":2},"end":{"line":23,"column":null}},"4":{"start":{"line":20,"column":4},"end":{"line":20,"column":null}},"5":{"start":{"line":22,"column":4},"end":{"line":22,"column":null}},"6":{"start":{"line":30,"column":2},"end":{"line":30,"column":null}},"7":{"start":{"line":30,"column":15},"end":{"line":30,"column":null}},"8":{"start":{"line":31,"column":2},"end":{"line":35,"column":null}},"9":{"start":{"line":32,"column":4},"end":{"line":32,"column":null}}},"fnMap":{"0":{"name":"getLocalePreference","decl":{"start":{"line":17,"column":16},"end":{"line":17,"column":36}},"loc":{"start":{"line":17,"column":44},"end":{"line":24,"column":null}},"line":17},"1":{"name":"setLocalePreference","decl":{"start":{"line":29,"column":16},"end":{"line":29,"column":36}},"loc":{"start":{"line":29,"column":52},"end":{"line":36,"column":null}},"line":29}},"branchMap":{"0":{"loc":{"start":{"line":18,"column":2},"end":{"line":18,"column":null}},"type":"if","locations":[{"start":{"line":18,"column":2},"end":{"line":18,"column":null}},{"start":{},"end":{}}],"line":18},"1":{"loc":{"start":{"line":20,"column":11},"end":{"line":20,"column":null}},"type":"binary-expr","locations":[{"start":{"line":20,"column":11},"end":{"line":20,"column":52}},{"start":{"line":20,"column":52},"end":{"line":20,"column":null}}],"line":20},"2":{"loc":{"start":{"line":30,"column":2},"end":{"line":30,"column":null}},"type":"if","locations":[{"start":{"line":30,"column":2},"end":{"line":30,"column":null}},{"start":{},"end":{}}],"line":30}},"s":{"0":1,"1":10,"2":3,"3":7,"4":7,"5":0,"6":11,"7":3,"8":8,"9":8},"f":{"0":10,"1":11},"b":{"0":[3,7],"1":[7,2],"2":[3,8]},"meta":{"lastBranch":3,"lastFunction":2,"lastStatement":10,"seen":{"s:12:15:12:Infinity":0,"f:17:16:17:36":0,"b:18:2:18:Infinity:undefined:undefined:undefined:undefined":0,"s:18:2:18:Infinity":1,"s:18:15:18:Infinity":2,"s:19:2:23:Infinity":3,"s:20:4:20:Infinity":4,"b:20:11:20:52:20:52:20:Infinity":1,"s:22:4:22:Infinity":5,"f:29:16:29:36":1,"b:30:2:30:Infinity:undefined:undefined:undefined:undefined":2,"s:30:2:30:Infinity":6,"s:30:15:30:Infinity":7,"s:31:2:35:Infinity":8,"s:32:4:32:Infinity":9},"fnNames":{}}}
,"/Users/pdelebarre/dev/hokan/src/utils/match.js": {"path":"/Users/pdelebarre/dev/hokan/src/utils/match.js","statementMap":{"0":{"start":{"line":3,"column":2},"end":{"line":3,"column":null}},"1":{"start":{"line":3,"column":14},"end":{"line":3,"column":null}},"2":{"start":{"line":4,"column":14},"end":{"line":4,"column":null}},"3":{"start":{"line":5,"column":2},"end":{"line":5,"column":null}},"4":{"start":{"line":5,"column":18},"end":{"line":5,"column":null}},"5":{"start":{"line":6,"column":2},"end":{"line":6,"column":null}},"6":{"start":{"line":10,"column":2},"end":{"line":10,"column":null}},"7":{"start":{"line":20,"column":21},"end":{"line":25,"column":null}},"8":{"start":{"line":21,"column":4},"end":{"line":21,"column":null}},"9":{"start":{"line":21,"column":85},"end":{"line":21,"column":null}},"10":{"start":{"line":22,"column":4},"end":{"line":22,"column":null}},"11":{"start":{"line":22,"column":101},"end":{"line":22,"column":null}},"12":{"start":{"line":23,"column":4},"end":{"line":23,"column":null}},"13":{"start":{"line":23,"column":77},"end":{"line":23,"column":null}},"14":{"start":{"line":24,"column":4},"end":{"line":24,"column":null}},"15":{"start":{"line":27,"column":28},"end":{"line":27,"column":null}},"16":{"start":{"line":28,"column":2},"end":{"line":28,"column":null}},"17":{"start":{"line":28,"column":15},"end":{"line":28,"column":null}},"18":{"start":{"line":30,"column":22},"end":{"line":30,"column":null}},"19":{"start":{"line":31,"column":21},"end":{"line":31,"column":null}},"20":{"start":{"line":33,"column":19},"end":{"line":36,"column":null}},"21":{"start":{"line":34,"column":4},"end":{"line":34,"column":null}},"22":{"start":{"line":34,"column":47},"end":{"line":34,"column":null}},"23":{"start":{"line":35,"column":4},"end":{"line":35,"column":null}},"24":{"start":{"line":38,"column":20},"end":{"line":38,"column":null}},"25":{"start":{"line":38,"column":44},"end":{"line":38,"column":102}},"26":{"start":{"line":39,"column":23},"end":{"line":39,"column":null}},"27":{"start":{"line":39,"column":53},"end":{"line":39,"column":58}},"28":{"start":{"line":40,"column":22},"end":{"line":40,"column":null}},"29":{"start":{"line":40,"column":46},"end":{"line":40,"column":70}},"30":{"start":{"line":42,"column":2},"end":{"line":42,"column":null}}},"fnMap":{"0":{"name":"splitArtistTitle","decl":{"start":{"line":2,"column":16},"end":{"line":2,"column":33}},"loc":{"start":{"line":2,"column":40},"end":{"line":7,"column":null}},"line":2},"1":{"name":"normalize","decl":{"start":{"line":9,"column":9},"end":{"line":9,"column":19}},"loc":{"start":{"line":9,"column":22},"end":{"line":11,"column":null}},"line":9},"2":{"name":"findRelated","decl":{"start":{"line":19,"column":16},"end":{"line":19,"column":28}},"loc":{"start":{"line":19,"column":46},"end":{"line":43,"column":null}},"line":19},"3":{"name":"(anonymous_3)","decl":{"start":{"line":20,"column":27},"end":{"line":20,"column":33}},"loc":{"start":{"line":20,"column":40},"end":{"line":25,"column":3}},"line":20},"4":{"name":"(anonymous_4)","decl":{"start":{"line":33,"column":25},"end":{"line":33,"column":33}},"loc":{"start":{"line":33,"column":40},"end":{"line":36,"column":3}},"line":33},"5":{"name":"(anonymous_5)","decl":{"start":{"line":38,"column":29},"end":{"line":38,"column":37}},"loc":{"start":{"line":38,"column":44},"end":{"line":38,"column":102}},"line":38},"6":{"name":"(anonymous_6)","decl":{"start":{"line":39,"column":41},"end":{"line":39,"column":46}},"loc":{"start":{"line":39,"column":53},"end":{"line":39,"column":58}},"line":39},"7":{"name":"(anonymous_7)","decl":{"start":{"line":40,"column":31},"end":{"line":40,"column":39}},"loc":{"start":{"line":40,"column":46},"end":{"line":40,"column":70}},"line":40}},"branchMap":{"0":{"loc":{"start":{"line":3,"column":2},"end":{"line":3,"column":null}},"type":"if","locations":[{"start":{"line":3,"column":2},"end":{"line":3,"column":null}},{"start":{},"end":{}}],"line":3},"1":{"loc":{"start":{"line":5,"column":2},"end":{"line":5,"column":null}},"type":"if","locations":[{"start":{"line":5,"column":2},"end":{"line":5,"column":null}},{"start":{},"end":{}}],"line":5},"2":{"loc":{"start":{"line":10,"column":10},"end":{"line":10,"column":17}},"type":"binary-expr","locations":[{"start":{"line":10,"column":10},"end":{"line":10,"column":15}},{"start":{"line":10,"column":15},"end":{"line":10,"column":17}}],"line":10},"3":{"loc":{"start":{"line":20,"column":21},"end":{"line":25,"column":null}},"type":"binary-expr","locations":[{"start":{"line":20,"column":21},"end":{"line":25,"column":8}},{"start":{"line":25,"column":8},"end":{"line":25,"column":null}}],"line":20},"4":{"loc":{"start":{"line":21,"column":4},"end":{"line":21,"column":null}},"type":"if","locations":[{"start":{"line":21,"column":4},"end":{"line":21,"column":null}},{"start":{},"end":{}}],"line":21},"5":{"loc":{"start":{"line":21,"column":8},"end":{"line":21,"column":85}},"type":"binary-expr","locations":[{"start":{"line":21,"column":8},"end":{"line":21,"column":31}},{"start":{"line":21,"column":31},"end":{"line":21,"column":47}},{"start":{"line":21,"column":47},"end":{"line":21,"column":85}}],"line":21},"6":{"loc":{"start":{"line":22,"column":4},"end":{"line":22,"column":null}},"type":"if","locations":[{"start":{"line":22,"column":4},"end":{"line":22,"column":null}},{"start":{},"end":{}}],"line":22},"7":{"loc":{"start":{"line":22,"column":8},"end":{"line":22,"column":101}},"type":"binary-expr","locations":[{"start":{"line":22,"column":8},"end":{"line":22,"column":35}},{"start":{"line":22,"column":35},"end":{"line":22,"column":55}},{"start":{"line":22,"column":55},"end":{"line":22,"column":101}}],"line":22},"8":{"loc":{"start":{"line":23,"column":4},"end":{"line":23,"column":null}},"type":"if","locations":[{"start":{"line":23,"column":4},"end":{"line":23,"column":null}},{"start":{},"end":{}}],"line":23},"9":{"loc":{"start":{"line":23,"column":8},"end":{"line":23,"column":77}},"type":"binary-expr","locations":[{"start":{"line":23,"column":8},"end":{"line":23,"column":29}},{"start":{"line":23,"column":29},"end":{"line":23,"column":43}},{"start":{"line":23,"column":43},"end":{"line":23,"column":77}}],"line":23},"10":{"loc":{"start":{"line":28,"column":2},"end":{"line":28,"column":null}},"type":"if","locations":[{"start":{"line":28,"column":2},"end":{"line":28,"column":null}},{"start":{},"end":{}}],"line":28},"11":{"loc":{"start":{"line":34,"column":4},"end":{"line":34,"column":null}},"type":"if","locations":[{"start":{"line":34,"column":4},"end":{"line":34,"column":null}},{"start":{},"end":{}}],"line":34},"12":{"loc":{"start":{"line":34,"column":8},"end":{"line":34,"column":47}},"type":"binary-expr","locations":[{"start":{"line":34,"column":8},"end":{"line":34,"column":22}},{"start":{"line":34,"column":22},"end":{"line":34,"column":47}}],"line":34}},"s":{"0":358,"1":3,"2":355,"3":355,"4":2,"5":353,"6":41,"7":9,"8":19,"9":2,"10":17,"11":1,"12":16,"13":1,"14":15,"15":9,"16":9,"17":1,"18":8,"19":8,"20":8,"21":22,"22":4,"23":18,"24":8,"25":7,"26":8,"27":2,"28":8,"29":7,"30":8},"f":{"0":358,"1":41,"2":9,"3":19,"4":22,"5":7,"6":2,"7":7},"b":{"0":[3,355],"1":[2,353],"2":[41,0],"3":[9,5],"4":[2,17],"5":[19,3,2],"6":[1,16],"7":[17,3,1],"8":[1,15],"9":[16,8,8],"10":[1,8],"11":[4,18],"12":[22,12]},"meta":{"lastBranch":13,"lastFunction":8,"lastStatement":31,"seen":{"f:2:16:2:33":0,"b:3:2:3:Infinity:undefined:undefined:undefined:undefined":0,"s:3:2:3:Infinity":0,"s:3:14:3:Infinity":1,"s:4:14:4:Infinity":2,"b:5:2:5:Infinity:undefined:undefined:undefined:undefined":1,"s:5:2:5:Infinity":3,"s:5:18:5:Infinity":4,"s:6:2:6:Infinity":5,"f:9:9:9:19":1,"s:10:2:10:Infinity":6,"b:10:10:10:15:10:15:10:17":2,"f:19:16:19:28":2,"s:20:21:25:Infinity":7,"b:20:21:25:8:25:8:25:Infinity":3,"f:20:27:20:33":3,"b:21:4:21:Infinity:undefined:undefined:undefined:undefined":4,"s:21:4:21:Infinity":8,"b:21:8:21:31:21:31:21:47:21:47:21:85":5,"s:21:85:21:Infinity":9,"b:22:4:22:Infinity:undefined:undefined:undefined:undefined":6,"s:22:4:22:Infinity":10,"b:22:8:22:35:22:35:22:55:22:55:22:101":7,"s:22:101:22:Infinity":11,"b:23:4:23:Infinity:undefined:undefined:undefined:undefined":8,"s:23:4:23:Infinity":12,"b:23:8:23:29:23:29:23:43:23:43:23:77":9,"s:23:77:23:Infinity":13,"s:24:4:24:Infinity":14,"s:27:28:27:Infinity":15,"b:28:2:28:Infinity:undefined:undefined:undefined:undefined":10,"s:28:2:28:Infinity":16,"s:28:15:28:Infinity":17,"s:30:22:30:Infinity":18,"s:31:21:31:Infinity":19,"s:33:19:36:Infinity":20,"f:33:25:33:33":4,"b:34:4:34:Infinity:undefined:undefined:undefined:undefined":11,"s:34:4:34:Infinity":21,"b:34:8:34:22:34:22:34:47":12,"s:34:47:34:Infinity":22,"s:35:4:35:Infinity":23,"s:38:20:38:Infinity":24,"f:38:29:38:37":5,"s:38:44:38:102":25,"s:39:23:39:Infinity":26,"f:39:41:39:46":6,"s:39:53:39:58":27,"s:40:22:40:Infinity":28,"f:40:31:40:39":7,"s:40:46:40:70":29,"s:42:2:42:Infinity":30},"fnNames":{}}}
,"/Users/pdelebarre/dev/hokan/src/utils/session.js": {"path":"/Users/pdelebarre/dev/hokan/src/utils/session.js","statementMap":{"0":{"start":{"line":4,"column":12},"end":{"line":4,"column":null}},"1":{"start":{"line":7,"column":2},"end":{"line":12,"column":null}},"2":{"start":{"line":8,"column":16},"end":{"line":8,"column":null}},"3":{"start":{"line":9,"column":4},"end":{"line":9,"column":null}},"4":{"start":{"line":11,"column":4},"end":{"line":11,"column":null}},"5":{"start":{"line":16,"column":2},"end":{"line":17,"column":null}},"6":{"start":{"line":16,"column":15},"end":{"line":16,"column":null}},"7":{"start":{"line":17,"column":7},"end":{"line":17,"column":null}},"8":{"start":{"line":22,"column":2},"end":{"line":22,"column":null}},"9":{"start":{"line":26,"column":2},"end":{"line":26,"column":null}}},"fnMap":{"0":{"name":"getSession","decl":{"start":{"line":6,"column":16},"end":{"line":6,"column":29}},"loc":{"start":{"line":6,"column":29},"end":{"line":13,"column":null}},"line":6},"1":{"name":"saveSession","decl":{"start":{"line":15,"column":16},"end":{"line":15,"column":28}},"loc":{"start":{"line":15,"column":37},"end":{"line":18,"column":null}},"line":15},"2":{"name":"getAccessCode","decl":{"start":{"line":21,"column":16},"end":{"line":21,"column":32}},"loc":{"start":{"line":21,"column":32},"end":{"line":23,"column":null}},"line":21},"3":{"name":"getUserId","decl":{"start":{"line":25,"column":16},"end":{"line":25,"column":28}},"loc":{"start":{"line":25,"column":28},"end":{"line":27,"column":null}},"line":25}},"branchMap":{"0":{"loc":{"start":{"line":9,"column":11},"end":{"line":9,"column":null}},"type":"cond-expr","locations":[{"start":{"line":9,"column":17},"end":{"line":9,"column":35}},{"start":{"line":9,"column":35},"end":{"line":9,"column":null}}],"line":9},"1":{"loc":{"start":{"line":16,"column":2},"end":{"line":17,"column":null}},"type":"if","locations":[{"start":{"line":16,"column":2},"end":{"line":17,"column":null}},{"start":{"line":17,"column":7},"end":{"line":17,"column":null}}],"line":16},"2":{"loc":{"start":{"line":22,"column":9},"end":{"line":22,"column":null}},"type":"binary-expr","locations":[{"start":{"line":22,"column":9},"end":{"line":22,"column":31}},{"start":{"line":22,"column":31},"end":{"line":22,"column":null}}],"line":22},"3":{"loc":{"start":{"line":26,"column":9},"end":{"line":26,"column":null}},"type":"binary-expr","locations":[{"start":{"line":26,"column":9},"end":{"line":26,"column":35}},{"start":{"line":26,"column":35},"end":{"line":26,"column":null}}],"line":26}},"s":{"0":15,"1":69,"2":69,"3":69,"4":0,"5":60,"6":54,"7":6,"8":54,"9":0},"f":{"0":69,"1":60,"2":54,"3":0},"b":{"0":[66,3],"1":[54,6],"2":[54,0],"3":[0,0]},"meta":{"lastBranch":4,"lastFunction":4,"lastStatement":10,"seen":{"s:4:12:4:Infinity":0,"f:6:16:6:29":0,"s:7:2:12:Infinity":1,"s:8:16:8:Infinity":2,"s:9:4:9:Infinity":3,"b:9:17:9:35:9:35:9:Infinity":0,"s:11:4:11:Infinity":4,"f:15:16:15:28":1,"b:16:2:17:Infinity:17:7:17:Infinity":1,"s:16:2:17:Infinity":5,"s:16:15:16:Infinity":6,"s:17:7:17:Infinity":7,"f:21:16:21:32":2,"s:22:2:22:Infinity":8,"b:22:9:22:31:22:31:22:Infinity":2,"f:25:16:25:28":3,"s:26:2:26:Infinity":9,"b:26:9:26:35:26:35:26:Infinity":3},"fnNames":{}}}
}
